2025-12-05 04:35:17.464: [INFO] VisibilityChanged: 0
2025-12-05 04:35:18.815: [INFO] RecordSyncInitDuration has_sync_been_enabled: 0 state: 0
2025-12-05 04:35:18.815: [INFO] RecordSyncInitDuration has_sync_been_enabled: 0 state: 0
2025-12-05 04:35:18.816: [INFO] RecordSyncInitDuration has_sync_been_enabled: 0 state: 0
2025-12-05 04:35:18.816: [INFO] RecordSyncInitDuration has_sync_been_enabled: 0 state: 0
2025-12-05 04:35:18.816: [INFO] RecordSyncInitDuration has_sync_been_enabled: 0 state: 0
2025-12-05 04:35:18.816: [INFO] RecordSyncInitDuration has_sync_been_enabled: 0 state: 0
2025-12-05 04:35:18.817: [INFO] RecordSyncInitDuration has_sync_been_enabled: 0 state: 0
2025-12-05 04:35:18.817: [INFO] RecordSyncInitDuration has_sync_been_enabled: 0 state: 0
2025-12-05 04:35:18.817: [INFO] RecordSyncInitDuration has_sync_been_enabled: 0 state: 0
2025-12-05 04:35:18.818: [INFO] RecordSyncInitDuration has_sync_been_enabled: 0 state: 0
2025-12-05 04:35:18.818: [INFO] RecordSyncInitDuration has_sync_been_enabled: 0 state: 0
2025-12-05 04:35:18.825: [INFO] BookmarkNodeAdded, ABU: 0
2025-12-05 04:35:18.826: [INFO] BookmarkNodeAdded, ABU: 0
2025-12-05 04:35:18.826: [INFO] BookmarkModelLoaded, ids_reassigned: 0
2025-12-05 04:35:18.826: [INFO] OnDoneLoading sync enabled: 0
2025-12-05 04:35:18.828: [INFO] RecordSyncInitDuration has_sync_been_enabled: 0 state: 0
2025-12-05 04:35:19.646: [INFO] RecordSyncInitDuration has_sync_been_enabled: 0 state: 3
2025-12-05 04:35:19.829: [INFO] Primary account changed.
2025-12-05 04:35:19.829: [INFO] OnPrimaryAccountChanged PrimaryAccountChangeEvent::Type::kSet
2025-12-05 04:35:19.830: [INFO] RecordSyncInitDuration has_sync_been_enabled: 0 state: 3
2025-12-05 04:35:20.015: [INFO] RecordSyncInitDuration has_sync_been_enabled: 0 state: 3
2025-12-05 04:35:29.703: [INFO] BookmarkNodeAdded, ABU: 0
2025-12-05 04:35:29.703: [INFO] BookmarkNodeAdded, ABU: 0
2025-12-05 04:35:29.703: [INFO] BookmarkNodeAdded, ABU: 0
2025-12-05 04:35:30.139: [INFO] Sync initialization duration: 8831ms
2025-12-05 04:39:48.297: [INFO] VisibilityChanged: 1
2025-12-05 04:39:50.570: [INFO] VisibilityChanged: 0
2025-12-05 04:40:15.222: [INFO] VisibilityChanged: 1
2025-12-05 04:40:59.175: [INFO] VisibilityChanged: 0
2025-12-05 04:45:26.905: [INFO] VisibilityChanged: 1
2025-12-05 04:45:29.494: [INFO] VisibilityChanged: 0
2025-12-05 06:42:54.594: [INFO] VisibilityChanged: 0
2025-12-05 06:42:54.684: [INFO] BookmarkNodeAdded, ABU: 0
2025-12-05 06:42:54.684: [INFO] BookmarkNodeAdded, ABU: 0
2025-12-05 06:42:54.684: [INFO] BookmarkModelLoaded, ids_reassigned: 0
2025-12-05 06:42:54.684: [INFO] OnDoneLoading sync enabled: 1
2025-12-05 06:43:01.509: [INFO] Sync initialization duration: 6240ms
2025-12-05 06:43:29.800: [INFO] VisibilityChanged: 1
2025-12-05 06:43:50.920: [INFO] VisibilityChanged: 0
2025-12-05 07:23:03.887: [INFO] VisibilityChanged: 0
2025-12-05 07:23:04.177: [INFO] BookmarkNodeAdded, ABU: 0
2025-12-05 07:23:04.177: [INFO] BookmarkNodeAdded, ABU: 0
2025-12-05 07:23:04.177: [INFO] BookmarkModelLoaded, ids_reassigned: 0
2025-12-05 07:23:04.177: [INFO] OnDoneLoading sync enabled: 1
2025-12-05 07:23:17.154: [INFO] Sync initialization duration: 11247ms
