{"logTime": "1205/043528", "correlationVector":"qNxfSONECJlg8JtCpAVUd8.1","action":"SyncServerConnectionManagerRequest", "result":"SYNC_SERVER_OK", "context":{"environment":"Prod_centralus_prod-s01-068-nam-centralus", "migrationStage":"NotStarted", "server":"akswtt108000025"}}
{"logTime": "1205/043528", "correlationVector":"qNxfSONECJlg8JtCpAVUd8.2","action":"ProcessGetUpdates", "result":"Done", "context":{"dataType":"Encryption Keys", "deleted":"0", "process_failed_to_decrypt":"0", "process_pending_decryption":"0", "process_success":"1", "total":"1"}}
{"logTime": "1205/043528", "correlationVector":"/z/NBhhU7l2RkcHM1lieMT","action":"SyncServerConnectionManagerRequest", "result":"SYNC_SERVER_OK", "context":{"environment":"", "migrationStage":"", "server":""}}
{"logTime": "1205/043528", "correlationVector":"/z/NBhhU7l2RkcHM1lieMT.0","action":"EncryptionKeysFetcher.DownloadKeys:", "result":"Success", "context":Key count: 10, Last key timestamp: 2025-09-16T02:16:15Z}
{"logTime": "1205/043528", "correlationVector":"/z/NBhhU7l2RkcHM1lieMT.1","action":"EncryptionKeysManager::SetEncryptionKeys:", "result":"Success", "context":Key names[10]:[86nuKZH9dkpwYCRfgRHPjvsTM1jFln5dan9pJ2OmbEDlpD14jlVubY6+FMRWdCoenVd3J9pvl3hqlorC0+uPNg==][sGY8dRDlXL8tcUCULuniWxfGrNCqIPBIn1DkBdivE4rGeWH5ja4qRH7K/xBCs+vgnRgUI/fvedO+iUIPhHIUvg==][XBgByZabRGOHsVAROOGA0gc6UdW0n2FalYCPnl6dUvY4Dyaw/9MgpQmb42rXVDpTGbAEgB4wxGr6xCYColvo+g==][RFzCt0CP81g+yoa3y5UWdMUsuT0aaZenLDtjHst+V8gz5VOZVaRDFyJkIDZnQ/6LGnbkY4iAfHXYiblFMY5hVA==][ht0+iCVO8oYp0Wah/OThkIT3LqtyKJLR/7x2MvY5or/OVk9rrRglcrfAWpaYCoYXXsScJfrpdcHTPXLPJObEqw==][pDHU8PhQ19TJUxEnjHsZsYDV78L2QSv+dmzC6dv/ca4gY9aLSkrm34iUTpNy5tIAoZgmK2YvkSlwfGmiPe2CoQ==][LWIkhRleKxeEs525zOSxg4VvlWLY/CT+x8lI3JMEfcCNChi95tpy4vAJWMHz/Apx84T+jG7sMBcepp0GHWC5+g==][M19xQjpJnMfUcYxAgfQ17CEAb1a7U+hcVrhoMRC1WorYI4tUMsmbTFDdSiiWU5QkNdoTQUrAP9dKWbDQHaXAOQ==][WuKMNsDr9fosrg/uXwRgxifEwh7nr6kSFzo5oKsBgyEfoAwD4Z+qoB0fvWPPP5/yLCKs9yacFiWpTuGrU9Ggjw==][d8aNBrGBdrN75m+8JbuhvGrJRM57zE1nal2MlpYn4jkeb5e6eaC6w9FBoujlT65FoEiFhV13DKmWcdcxZ9Sg5g==]}
{"logTime": "1205/043528", "correlationVector":"/z/NBhhU7l2RkcHM1lieMT.2","action":"EncryptionKeysManager::SetEncryptionKeysWithTimestamps:", "result":"Success", "context":Key timestamps[10]:[2023-11-18T19:44:30Z][2023-12-09T00:16:29Z][2024-02-21T00:21:13Z][2024-03-21T06:30:18Z][2024-07-09T02:29:39Z][2024-10-25T01:17:32Z][2024-11-15T17:43:12Z][2024-11-21T01:58:42Z][2025-06-29T21:14:15Z][2025-09-16T02:16:15Z]}
{"logTime": "1205/043528", "correlationVector":"qNxfSONECJlg8JtCpAVUd8","action":"Initial GetUpdates", "result":"", "context":Reason: NEW_CLIENT. cV=qNxfSONECJlg8JtCpAVUd8}
{"logTime": "1205/043528", "correlationVector":"qNxfSONECJlg8JtCpAVUd8.3","action":"GetUpdates Response", "result":"Success", "context":Received 1 update(s). cV=qNxfSONECJlg8JtCpAVUd8.0;server=akswtt108000025;cloudType=Consumer;environment=Prod_centralus_prod-s01-068-nam-centralus;migrationStage=NotStarted}
{"logTime": "1205/043528", "correlationVector":"RS42VwspJlkq1Dw3CnUA2s","action":"Initial GetUpdates", "result":"", "context":Reason: NEWLY_SUPPORTED_DATATYPE. cV=RS42VwspJlkq1Dw3CnUA2s}
{"logTime": "1205/043529", "correlationVector":"RS42VwspJlkq1Dw3CnUA2s.1","action":"SyncServerConnectionManagerRequest", "result":"SYNC_SERVER_OK", "context":{"environment":"Prod_centralus_prod-s01-068-nam-centralus", "migrationStage":"NotStarted", "server":"akswtt10800001r"}}
{"logTime": "1205/043529", "correlationVector":"RS42VwspJlkq1Dw3CnUA2s.2","action":"ProcessGetUpdates", "result":"Done", "context":{"dataType":"Preferences", "deleted":"0", "process_failed_to_decrypt":"0", "process_pending_decryption":"0", "process_success":"69", "total":"69"}}
{"logTime": "1205/043529", "correlationVector":"RS42VwspJlkq1Dw3CnUA2s.3","action":"ProcessGetUpdates", "result":"Done", "context":{"dataType":"Passwords", "deleted":"0", "process_failed_to_decrypt":"0", "process_pending_decryption":"0", "process_success":"29", "total":"29"}}
{"logTime": "1205/043529", "correlationVector":"RS42VwspJlkq1Dw3CnUA2s.4","action":"ProcessGetUpdates", "result":"Done", "context":{"dataType":"Device Info", "deleted":"0", "process_failed_to_decrypt":"0", "process_pending_decryption":"0", "process_success":"5", "total":"5"}}
{"logTime": "1205/043529", "correlationVector":"RS42VwspJlkq1Dw3CnUA2s.5","action":"GetUpdates Response", "result":"Success", "context":Received 103 update(s). cV=RS42VwspJlkq1Dw3CnUA2s.0;server=akswtt10800001r;cloudType=Consumer;environment=Prod_centralus_prod-s01-068-nam-centralus;migrationStage=NotStarted}
{"logTime": "1205/043529", "correlationVector":"pmbpZJ+9vWGRtY6G/aIkTy","action":"Initial GetUpdates", "result":"", "context":Reason: NEWLY_SUPPORTED_DATATYPE. cV=pmbpZJ+9vWGRtY6G/aIkTy}
{"logTime": "1205/043529", "correlationVector":"pmbpZJ+9vWGRtY6G/aIkTy.1","action":"SyncServerConnectionManagerRequest", "result":"SYNC_SERVER_OK", "context":{"environment":"Prod_centralus_prod-s01-068-nam-centralus", "migrationStage":"NotStarted", "server":"akswtt108000025"}}
{"logTime": "1205/043529", "correlationVector":"pmbpZJ+9vWGRtY6G/aIkTy.2","action":"ProcessGetUpdates", "result":"Done", "context":{"dataType":"Bookmarks", "deleted":"0", "process_failed_to_decrypt":"0", "process_pending_decryption":"0", "process_success":"9", "total":"9"}}
{"logTime": "1205/043529", "correlationVector":"pmbpZJ+9vWGRtY6G/aIkTy.3","action":"GetUpdates Response", "result":"Success", "context":Received 9 update(s). cV=pmbpZJ+9vWGRtY6G/aIkTy.0;server=akswtt108000025;cloudType=Consumer;environment=Prod_centralus_prod-s01-068-nam-centralus;migrationStage=NotStarted}
{"logTime": "1205/043529", "correlationVector":"Ils/wRaUYmOds7Xq5t1T5p","action":"Initial GetUpdates", "result":"", "context":Reason: NEWLY_SUPPORTED_DATATYPE. cV=Ils/wRaUYmOds7Xq5t1T5p}
{"logTime": "1205/043530", "correlationVector":"Ils/wRaUYmOds7Xq5t1T5p.1","action":"SyncServerConnectionManagerRequest", "result":"SYNC_SERVER_OK", "context":{"environment":"Prod_centralus_prod-s01-068-nam-centralus", "migrationStage":"NotStarted", "server":"akswtt10800000m"}}
{"logTime": "1205/043530", "correlationVector":"Ils/wRaUYmOds7Xq5t1T5p.2","action":"ProcessGetUpdates", "result":"Done", "context":{"dataType":"Autofill", "deleted":"0", "process_failed_to_decrypt":"0", "process_pending_decryption":"0", "process_success":"85", "total":"85"}}
{"logTime": "1205/043530", "correlationVector":"Ils/wRaUYmOds7Xq5t1T5p.3","action":"ProcessGetUpdates", "result":"Done", "context":{"dataType":"Extensions", "deleted":"0", "process_failed_to_decrypt":"0", "process_pending_decryption":"0", "process_success":"4", "total":"4"}}
{"logTime": "1205/043530", "correlationVector":"Ils/wRaUYmOds7Xq5t1T5p.4","action":"ProcessGetUpdates", "result":"Done", "context":{"dataType":"Sessions", "deleted":"5", "process_failed_to_decrypt":"0", "process_pending_decryption":"0", "process_success":"7", "total":"7"}}
{"logTime": "1205/043530", "correlationVector":"Ils/wRaUYmOds7Xq5t1T5p.5","action":"ProcessGetUpdates", "result":"Done", "context":{"dataType":"Extension settings", "deleted":"0", "process_failed_to_decrypt":"0", "process_pending_decryption":"0", "process_success":"19", "total":"19"}}
{"logTime": "1205/043530", "correlationVector":"Ils/wRaUYmOds7Xq5t1T5p.6","action":"ProcessGetUpdates", "result":"Done", "context":{"dataType":"Collection", "deleted":"0", "process_failed_to_decrypt":"0", "process_pending_decryption":"0", "process_success":"9", "total":"9"}}
{"logTime": "1205/043530", "correlationVector":"Ils/wRaUYmOds7Xq5t1T5p.7","action":"GetUpdates Response", "result":"Success", "context":Received 124 update(s). cV=Ils/wRaUYmOds7Xq5t1T5p.0;server=akswtt10800000m;cloudType=Consumer;environment=Prod_centralus_prod-s01-068-nam-centralus;migrationStage=NotStarted}
{"logTime": "1205/043530", "correlationVector":"443NhK9aK2od0dXyeL6Cyz","action":"Initial GetUpdates", "result":"", "context":Reason: NEWLY_SUPPORTED_DATATYPE. cV=443NhK9aK2od0dXyeL6Cyz}
{"logTime": "1205/043530", "correlationVector":"443NhK9aK2od0dXyeL6Cyz.1","action":"SyncServerConnectionManagerRequest", "result":"SYNC_SERVER_OK", "context":{"environment":"Prod_centralus_prod-s01-068-nam-centralus", "migrationStage":"NotStarted", "server":"akswtt10800001r"}}
{"logTime": "1205/043530", "correlationVector":"443NhK9aK2od0dXyeL6Cyz.2","action":"ProcessGetUpdates", "result":"Done", "context":{"dataType":"History", "deleted":"0", "process_failed_to_decrypt":"0", "process_pending_decryption":"0", "process_success":"2", "total":"2"}}
{"logTime": "1205/043530", "correlationVector":"443NhK9aK2od0dXyeL6Cyz.3","action":"GetUpdates Response", "result":"Success", "context":Received 2 update(s). cV=443NhK9aK2od0dXyeL6Cyz.0;server=akswtt10800001r;cloudType=Consumer;environment=Prod_centralus_prod-s01-068-nam-centralus;migrationStage=NotStarted}
{"logTime": "1205/043530", "correlationVector":"Key1nP/q6hqnAEzV/oAqyZ","action":"Normal GetUpdate request", "result":"", "context":cV=Key1nP/q6hqnAEzV/oAqyZ
Nudged types: Preferences, Sessions, Device Info, User Consents
Refresh requested types: Bookmarks, Preferences, Passwords, Autofill Profiles, Autofill, Extensions, Sessions, Extension settings, History Delete Directives, Device Info, User Consents, Send Tab To Self, Web Apps, History, Saved Tab Group, WebAuthn Credentials, Collection, Edge E Drop, Edge Hub App Usage, Edge Wallet, Encryption Keys}
{"logTime": "1205/043530", "correlationVector":"Key1nP/q6hqnAEzV/oAqyZ.1","action":"SyncServerConnectionManagerRequest", "result":"SYNC_SERVER_OK", "context":{"environment":"Prod_centralus_prod-s01-068-nam-centralus", "migrationStage":"NotStarted", "server":"akswtt10800000j"}}
{"logTime": "1205/043530", "correlationVector":"Key1nP/q6hqnAEzV/oAqyZ.2","action":"GetUpdates Response", "result":"Success", "context":Received 0 update(s). cV=Key1nP/q6hqnAEzV/oAqyZ.0;server=akswtt10800000j;cloudType=Consumer;environment=Prod_centralus_prod-s01-068-nam-centralus;migrationStage=NotStarted}
{"logTime": "1205/043530", "correlationVector":"PbqHpdkNaiNynFE5PEuW4G","action":"Commit Request", "result":"", "context":Item count: 5
Contributing types: Preferences, Sessions, Device Info, User Consents}
{"logTime": "1205/043531", "correlationVector":"PbqHpdkNaiNynFE5PEuW4G.1","action":"SyncServerConnectionManagerRequest", "result":"SYNC_SERVER_OK", "context":{"environment":"Prod_centralus_prod-s01-068-nam-centralus", "migrationStage":"NotStarted", "server":"akswtt10800000i"}}
{"logTime": "1205/043531", "correlationVector":"PbqHpdkNaiNynFE5PEuW4G.2","action":"Commit Response", "result":"Success", "context":Result: Success. cV=PbqHpdkNaiNynFE5PEuW4G.0;server=akswtt10800000i;cloudType=Consumer;environment=Prod_centralus_prod-s01-068-nam-centralus;migrationStage=NotStarted}
{"logTime": "1205/043532", "correlationVector":"XQpYGoJ5JtCRtB6GgdKGY+","action":"Commit Request", "result":"", "context":Item count: 3
Contributing types: Sessions, User Consents, History}
{"logTime": "1205/043532", "correlationVector":"XQpYGoJ5JtCRtB6GgdKGY+.1","action":"SyncServerConnectionManagerRequest", "result":"SYNC_SERVER_OK", "context":{"environment":"Prod_centralus_prod-s01-068-nam-centralus", "migrationStage":"NotStarted", "server":"akswtt10800001r"}}
{"logTime": "1205/043532", "correlationVector":"XQpYGoJ5JtCRtB6GgdKGY+.2","action":"Commit Response", "result":"Success", "context":Result: Success. cV=XQpYGoJ5JtCRtB6GgdKGY+.0;server=akswtt10800001r;cloudType=Consumer;environment=Prod_centralus_prod-s01-068-nam-centralus;migrationStage=NotStarted}
{"logTime": "1205/043540", "correlationVector":"euI0pQFga2TFQJpoRCj7S1","action":"Commit Request", "result":"", "context":Item count: 25
Contributing types: Preferences, Passwords, Sessions, History}
{"logTime": "1205/043542", "correlationVector":"euI0pQFga2TFQJpoRCj7S1.1","action":"SyncServerConnectionManagerRequest", "result":"SYNC_SERVER_OK", "context":{"environment":"Prod_centralus_prod-s01-068-nam-centralus", "migrationStage":"NotStarted", "server":"akswtt10800000j"}}
{"logTime": "1205/043542", "correlationVector":"euI0pQFga2TFQJpoRCj7S1.2","action":"Commit Response", "result":"Success", "context":Result: Success. cV=euI0pQFga2TFQJpoRCj7S1.0;server=akswtt10800000j;cloudType=Consumer;environment=Prod_centralus_prod-s01-068-nam-centralus;migrationStage=NotStarted}
{"logTime": "1205/043544", "correlationVector":"27APnvrI3LapMw3ut71MhR","action":"Commit Request", "result":"", "context":Item count: 4
Contributing types: Preferences, Sessions, History}
{"logTime": "1205/043544", "correlationVector":"27APnvrI3LapMw3ut71MhR.1","action":"SyncServerConnectionManagerRequest", "result":"SYNC_SERVER_OK", "context":{"environment":"Prod_centralus_prod-s01-068-nam-centralus", "migrationStage":"NotStarted", "server":"akswtt108000023"}}
{"logTime": "1205/043544", "correlationVector":"27APnvrI3LapMw3ut71MhR.2","action":"Commit Response", "result":"Success", "context":Result: Success. cV=27APnvrI3LapMw3ut71MhR.0;server=akswtt108000023;cloudType=Consumer;environment=Prod_centralus_prod-s01-068-nam-centralus;migrationStage=NotStarted}
{"logTime": "1205/043646", "correlationVector":"NiuohbMouycq+oMwr8u2Wi","action":"Commit Request", "result":"", "context":Item count: 3
Contributing types: Sessions, History}
{"logTime": "1205/043646", "correlationVector":"NiuohbMouycq+oMwr8u2Wi.1","action":"SyncServerConnectionManagerRequest", "result":"SYNC_SERVER_OK", "context":{"environment":"Prod_centralus_prod-s01-068-nam-centralus", "migrationStage":"NotStarted", "server":"akswtt10800001r"}}
{"logTime": "1205/043646", "correlationVector":"NiuohbMouycq+oMwr8u2Wi.2","action":"Commit Response", "result":"Success", "context":Result: Success. cV=NiuohbMouycq+oMwr8u2Wi.0;server=akswtt10800001r;cloudType=Consumer;environment=Prod_centralus_prod-s01-068-nam-centralus;migrationStage=NotStarted}
{"logTime": "1205/043952", "correlationVector":"FhINJVCrD6zmIfASR04hoP","action":"Commit Request", "result":"", "context":Item count: 3
Contributing types: Preferences, Sessions}
{"logTime": "1205/043953", "correlationVector":"FhINJVCrD6zmIfASR04hoP.1","action":"SyncServerConnectionManagerRequest", "result":"SYNC_SERVER_OK", "context":{"environment":"Prod_centralus_prod-s01-068-nam-centralus", "migrationStage":"NotStarted", "server":"akswtt10800001c"}}
{"logTime": "1205/043953", "correlationVector":"FhINJVCrD6zmIfASR04hoP.2","action":"Commit Response", "result":"Success", "context":Result: Success. cV=FhINJVCrD6zmIfASR04hoP.0;server=akswtt10800001c;cloudType=Consumer;environment=Prod_centralus_prod-s01-068-nam-centralus;migrationStage=NotStarted}
{"logTime": "1205/043959", "correlationVector":"oo3o7JSgHyFltR2Q+6Rfyf","action":"Commit Request", "result":"", "context":Item count: 1
Contributing types: Preferences}
{"logTime": "1205/043959", "correlationVector":"oo3o7JSgHyFltR2Q+6Rfyf.1","action":"SyncServerConnectionManagerRequest", "result":"SYNC_SERVER_OK", "context":{"environment":"Prod_centralus_prod-s01-068-nam-centralus", "migrationStage":"NotStarted", "server":"akswtt108000026"}}
{"logTime": "1205/043959", "correlationVector":"oo3o7JSgHyFltR2Q+6Rfyf.2","action":"Commit Response", "result":"Success", "context":Result: Success. cV=oo3o7JSgHyFltR2Q+6Rfyf.0;server=akswtt108000026;cloudType=Consumer;environment=Prod_centralus_prod-s01-068-nam-centralus;migrationStage=NotStarted}
{"logTime": "1205/044027", "correlationVector":"uT5pgdoxx0TWgVLlDcMM9T","action":"Commit Request", "result":"", "context":Item count: 2
Contributing types: Preferences, Sessions}
{"logTime": "1205/044027", "correlationVector":"uT5pgdoxx0TWgVLlDcMM9T.1","action":"SyncServerConnectionManagerRequest", "result":"SYNC_SERVER_OK", "context":{"environment":"Prod_centralus_prod-s01-068-nam-centralus", "migrationStage":"NotStarted", "server":"akswtt10800001u"}}
{"logTime": "1205/044027", "correlationVector":"uT5pgdoxx0TWgVLlDcMM9T.2","action":"Commit Response", "result":"Success", "context":Result: Success. cV=uT5pgdoxx0TWgVLlDcMM9T.0;server=akswtt10800001u;cloudType=Consumer;environment=Prod_centralus_prod-s01-068-nam-centralus;migrationStage=NotStarted}
{"logTime": "1205/044159", "correlationVector":"j8J7HkJHk8wjaTN6COXygh","action":"Commit Request", "result":"", "context":Item count: 11
Contributing types: Sessions, History}
{"logTime": "1205/044159", "correlationVector":"j8J7HkJHk8wjaTN6COXygh.1","action":"SyncServerConnectionManagerRequest", "result":"SYNC_SERVER_OK", "context":{"environment":"Prod_centralus_prod-s01-068-nam-centralus", "migrationStage":"NotStarted", "server":"akswtt108000018"}}
{"logTime": "1205/044159", "correlationVector":"j8J7HkJHk8wjaTN6COXygh.2","action":"Commit Response", "result":"Success", "context":Result: Success. cV=j8J7HkJHk8wjaTN6COXygh.0;server=akswtt108000018;cloudType=Consumer;environment=Prod_centralus_prod-s01-068-nam-centralus;migrationStage=NotStarted}
{"logTime": "1205/044535", "correlationVector":"+Njnd0/blAhUJb8/cyq7Pr","action":"Commit Request", "result":"", "context":Item count: 16
Contributing types: Sessions, History}
{"logTime": "1205/044537", "correlationVector":"+Njnd0/blAhUJb8/cyq7Pr.1","action":"SyncServerConnectionManagerRequest", "result":"SYNC_SERVER_OK", "context":{"environment":"Prod_centralus_prod-s01-068-nam-centralus", "migrationStage":"NotStarted", "server":"akswtt10800000b"}}
{"logTime": "1205/044537", "correlationVector":"+Njnd0/blAhUJb8/cyq7Pr.2","action":"Commit Response", "result":"Success", "context":Result: Success. cV=+Njnd0/blAhUJb8/cyq7Pr.0;server=akswtt10800000b;cloudType=Consumer;environment=Prod_centralus_prod-s01-068-nam-centralus;migrationStage=NotStarted}
{"logTime": "1205/044546", "correlationVector":"4AuYGXigaTgqvOwOMhiSbK","action":"Commit Request", "result":"", "context":Item count: 6
Contributing types: Preferences, Sessions, History}
{"logTime": "1205/044547", "correlationVector":"4AuYGXigaTgqvOwOMhiSbK.1","action":"SyncServerConnectionManagerRequest", "result":"SYNC_SERVER_OK", "context":{"environment":"Prod_centralus_prod-s01-068-nam-centralus", "migrationStage":"NotStarted", "server":"akswtt10800001s"}}
{"logTime": "1205/044547", "correlationVector":"4AuYGXigaTgqvOwOMhiSbK.3","action":"Commit.Sessions", "result":"Success", "context":{"id":"bcb2e692-4e4b-4b00-9321-e359f7b1c153", "isDeleted":"true", "size":"0", "version":"1764909932944"}}
{"logTime": "1205/044547", "correlationVector":"4AuYGXigaTgqvOwOMhiSbK.4","action":"Commit.Sessions", "result":"Success", "context":{"id":"416c8b1a-cf6f-491b-99a6-834a6deb2293", "isDeleted":"true", "size":"0", "version":"1764909932945"}}
{"logTime": "1205/044547", "correlationVector":"4AuYGXigaTgqvOwOMhiSbK.2","action":"Commit Response", "result":"Success", "context":Result: Success. cV=4AuYGXigaTgqvOwOMhiSbK.0;server=akswtt10800001s;cloudType=Consumer;environment=Prod_centralus_prod-s01-068-nam-centralus;migrationStage=NotStarted}
{"logTime": "1205/044601", "correlationVector":"QnxTd0yU1pUNi69eA9o+d2","action":"Commit Request", "result":"", "context":Item count: 4
Contributing types: Preferences, Sessions, History}
{"logTime": "1205/044601", "correlationVector":"QnxTd0yU1pUNi69eA9o+d2.1","action":"SyncServerConnectionManagerRequest", "result":"SYNC_SERVER_OK", "context":{"environment":"Prod_centralus_prod-s01-068-nam-centralus", "migrationStage":"NotStarted", "server":"akswtt108000018"}}
{"logTime": "1205/044601", "correlationVector":"QnxTd0yU1pUNi69eA9o+d2.2","action":"Commit Response", "result":"Success", "context":Result: Success. cV=QnxTd0yU1pUNi69eA9o+d2.0;server=akswtt108000018;cloudType=Consumer;environment=Prod_centralus_prod-s01-068-nam-centralus;migrationStage=NotStarted}
{"logTime": "1205/044701", "correlationVector":"VZLvUTgD+5//gYRfe6E0j/","action":"Commit Request", "result":"", "context":Item count: 6
Contributing types: Sessions, History}
{"logTime": "1205/044702", "correlationVector":"VZLvUTgD+5//gYRfe6E0j/.1","action":"SyncServerConnectionManagerRequest", "result":"SYNC_SERVER_OK", "context":{"environment":"Prod_centralus_prod-s01-068-nam-centralus", "migrationStage":"NotStarted", "server":"akswtt10800001h"}}
{"logTime": "1205/044702", "correlationVector":"VZLvUTgD+5//gYRfe6E0j/.2","action":"Commit Response", "result":"Success", "context":Result: Success. cV=VZLvUTgD+5//gYRfe6E0j/.0;server=akswtt10800001h;cloudType=Consumer;environment=Prod_centralus_prod-s01-068-nam-centralus;migrationStage=NotStarted}
{"logTime": "1205/045250", "correlationVector":"ZntbG4M/mx5g/9h0QFzo9N","action":"Commit Request", "result":"", "context":Item count: 3
Contributing types: Sessions, History}
{"logTime": "1205/045251", "correlationVector":"ZntbG4M/mx5g/9h0QFzo9N.1","action":"SyncServerConnectionManagerRequest", "result":"SYNC_SERVER_OK", "context":{"environment":"Prod_centralus_prod-s01-068-nam-centralus", "migrationStage":"NotStarted", "server":"akswtt108000016"}}
{"logTime": "1205/045251", "correlationVector":"ZntbG4M/mx5g/9h0QFzo9N.3","action":"Commit.Sessions", "result":"Success", "context":{"id":"44cf9de5-09b4-4a0a-8a80-b6333bbe79d5", "isDeleted":"true", "size":"0", "version":"1764909932943"}}
{"logTime": "1205/045251", "correlationVector":"ZntbG4M/mx5g/9h0QFzo9N.2","action":"Commit Response", "result":"Success", "context":Result: Success. cV=ZntbG4M/mx5g/9h0QFzo9N.0;server=akswtt108000016;cloudType=Consumer;environment=Prod_centralus_prod-s01-068-nam-centralus;migrationStage=NotStarted}
{"logTime": "1205/050031", "correlationVector":"Rf1maiTQA9CEnNg3F9hAUs","action":"Commit Request", "result":"", "context":Item count: 1
Contributing types: Sessions}
{"logTime": "1205/050031", "correlationVector":"Rf1maiTQA9CEnNg3F9hAUs.1","action":"SyncServerConnectionManagerRequest", "result":"SYNC_SERVER_OK", "context":{"environment":"Prod_centralus_prod-s01-068-nam-centralus", "migrationStage":"NotStarted", "server":"akswtt10800000p"}}
{"logTime": "1205/050031", "correlationVector":"Rf1maiTQA9CEnNg3F9hAUs.2","action":"Commit Response", "result":"Success", "context":Result: Success. cV=Rf1maiTQA9CEnNg3F9hAUs.0;server=akswtt10800000p;cloudType=Consumer;environment=Prod_centralus_prod-s01-068-nam-centralus;migrationStage=NotStarted}
{"logTime": "1205/050241", "correlationVector":"SmCKljhTvzAvA9ZOV7jmJ1","action":"Commit Request", "result":"", "context":Item count: 5
Contributing types: Sessions, History}
{"logTime": "1205/050242", "correlationVector":"SmCKljhTvzAvA9ZOV7jmJ1.1","action":"SyncServerConnectionManagerRequest", "result":"SYNC_SERVER_OK", "context":{"environment":"Prod_centralus_prod-s01-068-nam-centralus", "migrationStage":"NotStarted", "server":"akswtt108000024"}}
{"logTime": "1205/050242", "correlationVector":"SmCKljhTvzAvA9ZOV7jmJ1.2","action":"Commit Response", "result":"Success", "context":Result: Success. cV=SmCKljhTvzAvA9ZOV7jmJ1.0;server=akswtt108000024;cloudType=Consumer;environment=Prod_centralus_prod-s01-068-nam-centralus;migrationStage=NotStarted}
{"logTime": "1205/050445", "correlationVector":"ygycHDz6HQq679NiZz+dpK","action":"Commit Request", "result":"", "context":Item count: 2
Contributing types: Sessions}
{"logTime": "1205/050445", "correlationVector":"ygycHDz6HQq679NiZz+dpK.1","action":"SyncServerConnectionManagerRequest", "result":"SYNC_SERVER_OK", "context":{"environment":"Prod_centralus_prod-s01-068-nam-centralus", "migrationStage":"NotStarted", "server":"akswtt108000011"}}
{"logTime": "1205/050445", "correlationVector":"ygycHDz6HQq679NiZz+dpK.2","action":"Commit Response", "result":"Success", "context":Result: Success. cV=ygycHDz6HQq679NiZz+dpK.0;server=akswtt108000011;cloudType=Consumer;environment=Prod_centralus_prod-s01-068-nam-centralus;migrationStage=NotStarted}
{"logTime": "1205/051158", "correlationVector":"7CrLYKPmyuonz5rcNWKiHB","action":"Commit Request", "result":"", "context":Item count: 4
Contributing types: Sessions, History}
{"logTime": "1205/051158", "correlationVector":"7CrLYKPmyuonz5rcNWKiHB.1","action":"SyncServerConnectionManagerRequest", "result":"SYNC_SERVER_OK", "context":{"environment":"Prod_centralus_prod-s01-068-nam-centralus", "migrationStage":"NotStarted", "server":"akswtt10800001e"}}
{"logTime": "1205/051158", "correlationVector":"7CrLYKPmyuonz5rcNWKiHB.2","action":"Commit Response", "result":"Success", "context":Result: Success. cV=7CrLYKPmyuonz5rcNWKiHB.0;server=akswtt10800001e;cloudType=Consumer;environment=Prod_centralus_prod-s01-068-nam-centralus;migrationStage=NotStarted}
{"logTime": "1205/051258", "correlationVector":"2ge9CMxjTRIF9K5iJqKSdq","action":"Commit Request", "result":"", "context":Item count: 5
Contributing types: Sessions, History}
{"logTime": "1205/051259", "correlationVector":"2ge9CMxjTRIF9K5iJqKSdq.1","action":"SyncServerConnectionManagerRequest", "result":"SYNC_SERVER_OK", "context":{"environment":"Prod_centralus_prod-s01-068-nam-centralus", "migrationStage":"NotStarted", "server":"akswtt10800001f"}}
{"logTime": "1205/051259", "correlationVector":"2ge9CMxjTRIF9K5iJqKSdq.2","action":"Commit Response", "result":"Success", "context":Result: Success. cV=2ge9CMxjTRIF9K5iJqKSdq.0;server=akswtt10800001f;cloudType=Consumer;environment=Prod_centralus_prod-s01-068-nam-centralus;migrationStage=NotStarted}
{"logTime": "1205/064300", "correlationVector":"rpwDwVaMGatlIoYSCMAGRf.1","action":"SyncServerConnectionManagerRequest", "result":"SYNC_SERVER_OK", "context":{"environment":"Prod_centralus_prod-s01-068-nam-centralus", "migrationStage":"NotStarted", "server":"akswtt10800000k"}}
{"logTime": "1205/064300", "correlationVector":"rpwDwVaMGatlIoYSCMAGRf.2","action":"ProcessGetUpdates", "result":"Done", "context":{"dataType":"Encryption Keys", "deleted":"0", "process_failed_to_decrypt":"0", "process_pending_decryption":"0", "process_success":"1", "total":"1"}}
{"logTime": "1205/064301", "correlationVector":"lvAjmlmjBpBzQMREGQbGM6","action":"SyncServerConnectionManagerRequest", "result":"SYNC_SERVER_OK", "context":{"environment":"", "migrationStage":"", "server":""}}
{"logTime": "1205/064301", "correlationVector":"lvAjmlmjBpBzQMREGQbGM6.0","action":"EncryptionKeysFetcher.DownloadKeys:", "result":"Success", "context":Key count: 10, Last key timestamp: 2025-09-16T02:16:15Z}
{"logTime": "1205/064301", "correlationVector":"lvAjmlmjBpBzQMREGQbGM6.1","action":"EncryptionKeysManager::SetEncryptionKeys:", "result":"Success", "context":Key names[10]:[86nuKZH9dkpwYCRfgRHPjvsTM1jFln5dan9pJ2OmbEDlpD14jlVubY6+FMRWdCoenVd3J9pvl3hqlorC0+uPNg==][sGY8dRDlXL8tcUCULuniWxfGrNCqIPBIn1DkBdivE4rGeWH5ja4qRH7K/xBCs+vgnRgUI/fvedO+iUIPhHIUvg==][XBgByZabRGOHsVAROOGA0gc6UdW0n2FalYCPnl6dUvY4Dyaw/9MgpQmb42rXVDpTGbAEgB4wxGr6xCYColvo+g==][RFzCt0CP81g+yoa3y5UWdMUsuT0aaZenLDtjHst+V8gz5VOZVaRDFyJkIDZnQ/6LGnbkY4iAfHXYiblFMY5hVA==][ht0+iCVO8oYp0Wah/OThkIT3LqtyKJLR/7x2MvY5or/OVk9rrRglcrfAWpaYCoYXXsScJfrpdcHTPXLPJObEqw==][pDHU8PhQ19TJUxEnjHsZsYDV78L2QSv+dmzC6dv/ca4gY9aLSkrm34iUTpNy5tIAoZgmK2YvkSlwfGmiPe2CoQ==][LWIkhRleKxeEs525zOSxg4VvlWLY/CT+x8lI3JMEfcCNChi95tpy4vAJWMHz/Apx84T+jG7sMBcepp0GHWC5+g==][M19xQjpJnMfUcYxAgfQ17CEAb1a7U+hcVrhoMRC1WorYI4tUMsmbTFDdSiiWU5QkNdoTQUrAP9dKWbDQHaXAOQ==][WuKMNsDr9fosrg/uXwRgxifEwh7nr6kSFzo5oKsBgyEfoAwD4Z+qoB0fvWPPP5/yLCKs9yacFiWpTuGrU9Ggjw==][d8aNBrGBdrN75m+8JbuhvGrJRM57zE1nal2MlpYn4jkeb5e6eaC6w9FBoujlT65FoEiFhV13DKmWcdcxZ9Sg5g==]}
{"logTime": "1205/064301", "correlationVector":"lvAjmlmjBpBzQMREGQbGM6.2","action":"EncryptionKeysManager::SetEncryptionKeysWithTimestamps:", "result":"Success", "context":Key timestamps[10]:[2023-11-18T19:44:30Z][2023-12-09T00:16:29Z][2024-02-21T00:21:13Z][2024-03-21T06:30:18Z][2024-07-09T02:29:39Z][2024-10-25T01:17:32Z][2024-11-15T17:43:12Z][2024-11-21T01:58:42Z][2025-06-29T21:14:15Z][2025-09-16T02:16:15Z]}
{"logTime": "1205/064301", "correlationVector":"rpwDwVaMGatlIoYSCMAGRf","action":"Initial GetUpdates", "result":"", "context":Reason: NEW_CLIENT. cV=rpwDwVaMGatlIoYSCMAGRf}
{"logTime": "1205/064301", "correlationVector":"rpwDwVaMGatlIoYSCMAGRf.3","action":"GetUpdates Response", "result":"Success", "context":Received 1 update(s). cV=rpwDwVaMGatlIoYSCMAGRf.0;server=akswtt10800000k;cloudType=Consumer;environment=Prod_centralus_prod-s01-068-nam-centralus;migrationStage=NotStarted}
{"logTime": "1205/064301", "correlationVector":"iloFl2EWLWtP2fdXj2zJBE","action":"Initial GetUpdates", "result":"", "context":Reason: NEWLY_SUPPORTED_DATATYPE. cV=iloFl2EWLWtP2fdXj2zJBE}
{"logTime": "1205/064301", "correlationVector":"iloFl2EWLWtP2fdXj2zJBE.1","action":"SyncServerConnectionManagerRequest", "result":"SYNC_SERVER_OK", "context":{"environment":"Prod_centralus_prod-s01-068-nam-centralus", "migrationStage":"NotStarted", "server":"akswtt10800000k"}}
{"logTime": "1205/064301", "correlationVector":"iloFl2EWLWtP2fdXj2zJBE.2","action":"ProcessGetUpdates", "result":"Done", "context":{"dataType":"Passwords", "deleted":"0", "process_failed_to_decrypt":"0", "process_pending_decryption":"0", "process_success":"29", "total":"29"}}
{"logTime": "1205/064301", "correlationVector":"iloFl2EWLWtP2fdXj2zJBE.3","action":"GetUpdates Response", "result":"Success", "context":Received 29 update(s). cV=iloFl2EWLWtP2fdXj2zJBE.0;server=akswtt10800000k;cloudType=Consumer;environment=Prod_centralus_prod-s01-068-nam-centralus;migrationStage=NotStarted}
{"logTime": "1205/064301", "correlationVector":"G5V0UdA7J6oi7JVAWq2sBn","action":"Normal GetUpdate request", "result":"", "context":cV=G5V0UdA7J6oi7JVAWq2sBn
Nudged types: Sessions, History
Refresh requested types: Bookmarks, Preferences, Passwords, Autofill Profiles, Autofill, Extensions, Sessions, Extension settings, History Delete Directives, Device Info, User Consents, Send Tab To Self, Web Apps, History, Saved Tab Group, WebAuthn Credentials, Collection, Edge E Drop, Edge Hub App Usage, Edge Wallet, Encryption Keys}
{"logTime": "1205/064302", "correlationVector":"G5V0UdA7J6oi7JVAWq2sBn.1","action":"SyncServerConnectionManagerRequest", "result":"SYNC_SERVER_OK", "context":{"environment":"Prod_centralus_prod-s01-068-nam-centralus", "migrationStage":"NotStarted", "server":"akswtt10800000q"}}
{"logTime": "1205/064302", "correlationVector":"G5V0UdA7J6oi7JVAWq2sBn.2","action":"ProcessGetUpdates", "result":"Done", "context":{"dataType":"Preferences", "deleted":"0", "process_failed_to_decrypt":"0", "process_pending_decryption":"0", "process_success":"8", "total":"8"}}
{"logTime": "1205/064302", "correlationVector":"G5V0UdA7J6oi7JVAWq2sBn.3","action":"ProcessGetUpdates", "result":"Done", "context":{"dataType":"Sessions", "deleted":"7", "process_failed_to_decrypt":"0", "process_pending_decryption":"0", "process_success":"11", "total":"11"}}
{"logTime": "1205/064302", "correlationVector":"G5V0UdA7J6oi7JVAWq2sBn.4","action":"ProcessGetUpdates", "result":"Done", "context":{"dataType":"Device Info", "deleted":"0", "process_failed_to_decrypt":"0", "process_pending_decryption":"0", "process_success":"2", "total":"2"}}
{"logTime": "1205/064302", "correlationVector":"G5V0UdA7J6oi7JVAWq2sBn.5","action":"ProcessGetUpdates", "result":"Done", "context":{"dataType":"History", "deleted":"0", "process_failed_to_decrypt":"0", "process_pending_decryption":"0", "process_success":"62", "total":"62"}}
{"logTime": "1205/064302", "correlationVector":"G5V0UdA7J6oi7JVAWq2sBn.6","action":"GetUpdates Response", "result":"Success", "context":Received 83 update(s). cV=G5V0UdA7J6oi7JVAWq2sBn.0;server=akswtt10800000q;cloudType=Consumer;environment=Prod_centralus_prod-s01-068-nam-centralus;migrationStage=NotStarted}
{"logTime": "1205/064309", "correlationVector":"YlXscCmIS037sSt74C6cTP","action":"Commit Request", "result":"", "context":Item count: 27
Contributing types: Preferences, Passwords, Sessions, History}
{"logTime": "1205/064312", "correlationVector":"YlXscCmIS037sSt74C6cTP.1","action":"SyncServerConnectionManagerRequest", "result":"SYNC_SERVER_OK", "context":{"environment":"Prod_centralus_prod-s01-068-nam-centralus", "migrationStage":"NotStarted", "server":"akswtt10800001o"}}
{"logTime": "1205/064312", "correlationVector":"YlXscCmIS037sSt74C6cTP.2","action":"Commit Response", "result":"Success", "context":Result: Success. cV=YlXscCmIS037sSt74C6cTP.0;server=akswtt10800001o;cloudType=Consumer;environment=Prod_centralus_prod-s01-068-nam-centralus;migrationStage=NotStarted}
{"logTime": "1205/064334", "correlationVector":"KCiRg0ZvqDJagbNVQaPBBE","action":"Commit Request", "result":"", "context":Item count: 12
Contributing types: Preferences, Sessions, History}
{"logTime": "1205/064335", "correlationVector":"KCiRg0ZvqDJagbNVQaPBBE.1","action":"SyncServerConnectionManagerRequest", "result":"SYNC_SERVER_OK", "context":{"environment":"Prod_centralus_prod-s01-068-nam-centralus", "migrationStage":"NotStarted", "server":"akswtt108000014"}}
{"logTime": "1205/064335", "correlationVector":"KCiRg0ZvqDJagbNVQaPBBE.2","action":"Commit Response", "result":"Success", "context":Result: Success. cV=KCiRg0ZvqDJagbNVQaPBBE.0;server=akswtt108000014;cloudType=Consumer;environment=Prod_centralus_prod-s01-068-nam-centralus;migrationStage=NotStarted}
{"logTime": "1205/064339", "correlationVector":"Ua0te1BUJVnSeSz2Ifm70B","action":"Commit Request", "result":"", "context":Item count: 1
Contributing types: Preferences}
{"logTime": "1205/064339", "correlationVector":"Ua0te1BUJVnSeSz2Ifm70B.1","action":"SyncServerConnectionManagerRequest", "result":"SYNC_SERVER_OK", "context":{"environment":"Prod_centralus_prod-s01-068-nam-centralus", "migrationStage":"NotStarted", "server":"akswtt10800000y"}}
{"logTime": "1205/064339", "correlationVector":"Ua0te1BUJVnSeSz2Ifm70B.2","action":"Commit Response", "result":"Success", "context":Result: Success. cV=Ua0te1BUJVnSeSz2Ifm70B.0;server=akswtt10800000y;cloudType=Consumer;environment=Prod_centralus_prod-s01-068-nam-centralus;migrationStage=NotStarted}
{"logTime": "1205/064450", "correlationVector":"GTcxjxdYDxnjIxCA1+txlz","action":"Commit Request", "result":"", "context":Item count: 10
Contributing types: Sessions, History}
{"logTime": "1205/064451", "correlationVector":"GTcxjxdYDxnjIxCA1+txlz.1","action":"SyncServerConnectionManagerRequest", "result":"SYNC_SERVER_OK", "context":{"environment":"Prod_centralus_prod-s01-068-nam-centralus", "migrationStage":"NotStarted", "server":"akswtt10800000w"}}
{"logTime": "1205/064451", "correlationVector":"GTcxjxdYDxnjIxCA1+txlz.2","action":"Commit Response", "result":"Success", "context":Result: Success. cV=GTcxjxdYDxnjIxCA1+txlz.0;server=akswtt10800000w;cloudType=Consumer;environment=Prod_centralus_prod-s01-068-nam-centralus;migrationStage=NotStarted}
{"logTime": "1205/064508", "correlationVector":"gE6/JaCnjdE1B9fckxc7Mj","action":"Commit Request", "result":"", "context":Item count: 1
Contributing types: Preferences}
{"logTime": "1205/064510", "correlationVector":"gE6/JaCnjdE1B9fckxc7Mj.1","action":"SyncServerConnectionManagerRequest", "result":"SYNC_SERVER_OK", "context":{"environment":"Prod_centralus_prod-s01-068-nam-centralus", "migrationStage":"NotStarted", "server":"akswtt10800001j"}}
{"logTime": "1205/064510", "correlationVector":"gE6/JaCnjdE1B9fckxc7Mj.2","action":"Commit Response", "result":"Success", "context":Result: Success. cV=gE6/JaCnjdE1B9fckxc7Mj.0;server=akswtt10800001j;cloudType=Consumer;environment=Prod_centralus_prod-s01-068-nam-centralus;migrationStage=NotStarted}
{"logTime": "1205/064617", "correlationVector":"QScf+imuCFE7Tp8GBvlFQu","action":"Commit Request", "result":"", "context":Item count: 6
Contributing types: Sessions, History}
{"logTime": "1205/064618", "correlationVector":"QScf+imuCFE7Tp8GBvlFQu.1","action":"SyncServerConnectionManagerRequest", "result":"SYNC_SERVER_OK", "context":{"environment":"Prod_centralus_prod-s01-068-nam-centralus", "migrationStage":"NotStarted", "server":"akswtt10800001a"}}
{"logTime": "1205/064618", "correlationVector":"QScf+imuCFE7Tp8GBvlFQu.3","action":"Commit.Sessions", "result":"Success", "context":{"id":"3515edd8-f48b-4115-b189-3fdfb302bfff", "isDeleted":"true", "size":"0", "version":"1764917087640"}}
{"logTime": "1205/064618", "correlationVector":"QScf+imuCFE7Tp8GBvlFQu.2","action":"Commit Response", "result":"Success", "context":Result: Success. cV=QScf+imuCFE7Tp8GBvlFQu.0;server=akswtt10800001a;cloudType=Consumer;environment=Prod_centralus_prod-s01-068-nam-centralus;migrationStage=NotStarted}
{"logTime": "1205/064727", "correlationVector":"YzNYi2VCyMrhhZQdVRSRnB","action":"Commit Request", "result":"", "context":Item count: 1
Contributing types: Sessions}
{"logTime": "1205/064728", "correlationVector":"YzNYi2VCyMrhhZQdVRSRnB.1","action":"SyncServerConnectionManagerRequest", "result":"SYNC_SERVER_OK", "context":{"environment":"Prod_centralus_prod-s01-068-nam-centralus", "migrationStage":"NotStarted", "server":"akswtt108000007"}}
{"logTime": "1205/064728", "correlationVector":"YzNYi2VCyMrhhZQdVRSRnB.2","action":"Commit Response", "result":"Success", "context":Result: Success. cV=YzNYi2VCyMrhhZQdVRSRnB.0;server=akswtt108000007;cloudType=Consumer;environment=Prod_centralus_prod-s01-068-nam-centralus;migrationStage=NotStarted}
{"logTime": "1205/065352", "correlationVector":"xAI8XwR/W7dt6hw/KxX3gn","action":"Commit Request", "result":"", "context":Item count: 8
Contributing types: Sessions, History}
{"logTime": "1205/065354", "correlationVector":"xAI8XwR/W7dt6hw/KxX3gn.1","action":"SyncServerConnectionManagerRequest", "result":"SYNC_SERVER_OK", "context":{"environment":"Prod_centralus_prod-s01-068-nam-centralus", "migrationStage":"NotStarted", "server":"akswtt10800000h"}}
{"logTime": "1205/065354", "correlationVector":"xAI8XwR/W7dt6hw/KxX3gn.2","action":"Commit Response", "result":"Success", "context":Result: Success. cV=xAI8XwR/W7dt6hw/KxX3gn.0;server=akswtt10800000h;cloudType=Consumer;environment=Prod_centralus_prod-s01-068-nam-centralus;migrationStage=NotStarted}
{"logTime": "1205/065546", "correlationVector":"YJkM9rBXqz+GJF8hZrtUrZ","action":"Commit Request", "result":"", "context":Item count: 10
Contributing types: Sessions, History}
{"logTime": "1205/065547", "correlationVector":"YJkM9rBXqz+GJF8hZrtUrZ.1","action":"SyncServerConnectionManagerRequest", "result":"SYNC_SERVER_OK", "context":{"environment":"Prod_centralus_prod-s01-068-nam-centralus", "migrationStage":"NotStarted", "server":"akswtt10800000y"}}
{"logTime": "1205/065547", "correlationVector":"YJkM9rBXqz+GJF8hZrtUrZ.3","action":"Commit.Sessions", "result":"Success", "context":{"id":"ed70d5ef-b2d7-4027-9ad5-3dfe370d8abd", "isDeleted":"true", "size":"0", "version":"1764917087639"}}
{"logTime": "1205/065547", "correlationVector":"YJkM9rBXqz+GJF8hZrtUrZ.2","action":"Commit Response", "result":"Success", "context":Result: Success. cV=YJkM9rBXqz+GJF8hZrtUrZ.0;server=akswtt10800000y;cloudType=Consumer;environment=Prod_centralus_prod-s01-068-nam-centralus;migrationStage=NotStarted}
{"logTime": "1205/065658", "correlationVector":"pEPTnpOWMw9gOY0lGoKZHT","action":"Commit Request", "result":"", "context":Item count: 1
Contributing types: Sessions}
{"logTime": "1205/065658", "correlationVector":"pEPTnpOWMw9gOY0lGoKZHT.1","action":"SyncServerConnectionManagerRequest", "result":"SYNC_SERVER_OK", "context":{"environment":"Prod_centralus_prod-s01-068-nam-centralus", "migrationStage":"NotStarted", "server":"akswtt10800001h"}}
{"logTime": "1205/065658", "correlationVector":"pEPTnpOWMw9gOY0lGoKZHT.2","action":"Commit Response", "result":"Success", "context":Result: Success. cV=pEPTnpOWMw9gOY0lGoKZHT.0;server=akswtt10800001h;cloudType=Consumer;environment=Prod_centralus_prod-s01-068-nam-centralus;migrationStage=NotStarted}
{"logTime": "1205/070156", "correlationVector":"OKUpPNYdrsvGXZCmj5G1jC","action":"Commit Request", "result":"", "context":Item count: 4
Contributing types: Sessions, History}
{"logTime": "1205/070158", "correlationVector":"OKUpPNYdrsvGXZCmj5G1jC.1","action":"SyncServerConnectionManagerRequest", "result":"SYNC_SERVER_OK", "context":{"environment":"Prod_centralus_prod-s01-068-nam-centralus", "migrationStage":"NotStarted", "server":"akswtt10800000n"}}
{"logTime": "1205/070158", "correlationVector":"OKUpPNYdrsvGXZCmj5G1jC.2","action":"Commit Response", "result":"Success", "context":Result: Success. cV=OKUpPNYdrsvGXZCmj5G1jC.0;server=akswtt10800000n;cloudType=Consumer;environment=Prod_centralus_prod-s01-068-nam-centralus;migrationStage=NotStarted}
{"logTime": "1205/072316", "correlationVector":"LpeAjKjE+++ufQ4J62ODro.1","action":"SyncServerConnectionManagerRequest", "result":"SYNC_SERVER_OK", "context":{"environment":"Prod_centralus_prod-s01-068-nam-centralus", "migrationStage":"NotStarted", "server":"akswtt10800000o"}}
{"logTime": "1205/072316", "correlationVector":"LpeAjKjE+++ufQ4J62ODro.2","action":"ProcessGetUpdates", "result":"Done", "context":{"dataType":"Encryption Keys", "deleted":"0", "process_failed_to_decrypt":"0", "process_pending_decryption":"0", "process_success":"1", "total":"1"}}
{"logTime": "1205/072316", "correlationVector":"wWq4CzcG2mwWqUtRu0RJYD","action":"SyncServerConnectionManagerRequest", "result":"SYNC_SERVER_OK", "context":{"environment":"", "migrationStage":"", "server":""}}
{"logTime": "1205/072316", "correlationVector":"wWq4CzcG2mwWqUtRu0RJYD.0","action":"EncryptionKeysFetcher.DownloadKeys:", "result":"Success", "context":Key count: 10, Last key timestamp: 2025-09-16T02:16:15Z}
{"logTime": "1205/072316", "correlationVector":"wWq4CzcG2mwWqUtRu0RJYD.1","action":"EncryptionKeysManager::SetEncryptionKeys:", "result":"Success", "context":Key names[10]:[86nuKZH9dkpwYCRfgRHPjvsTM1jFln5dan9pJ2OmbEDlpD14jlVubY6+FMRWdCoenVd3J9pvl3hqlorC0+uPNg==][sGY8dRDlXL8tcUCULuniWxfGrNCqIPBIn1DkBdivE4rGeWH5ja4qRH7K/xBCs+vgnRgUI/fvedO+iUIPhHIUvg==][XBgByZabRGOHsVAROOGA0gc6UdW0n2FalYCPnl6dUvY4Dyaw/9MgpQmb42rXVDpTGbAEgB4wxGr6xCYColvo+g==][RFzCt0CP81g+yoa3y5UWdMUsuT0aaZenLDtjHst+V8gz5VOZVaRDFyJkIDZnQ/6LGnbkY4iAfHXYiblFMY5hVA==][ht0+iCVO8oYp0Wah/OThkIT3LqtyKJLR/7x2MvY5or/OVk9rrRglcrfAWpaYCoYXXsScJfrpdcHTPXLPJObEqw==][pDHU8PhQ19TJUxEnjHsZsYDV78L2QSv+dmzC6dv/ca4gY9aLSkrm34iUTpNy5tIAoZgmK2YvkSlwfGmiPe2CoQ==][LWIkhRleKxeEs525zOSxg4VvlWLY/CT+x8lI3JMEfcCNChi95tpy4vAJWMHz/Apx84T+jG7sMBcepp0GHWC5+g==][M19xQjpJnMfUcYxAgfQ17CEAb1a7U+hcVrhoMRC1WorYI4tUMsmbTFDdSiiWU5QkNdoTQUrAP9dKWbDQHaXAOQ==][WuKMNsDr9fosrg/uXwRgxifEwh7nr6kSFzo5oKsBgyEfoAwD4Z+qoB0fvWPPP5/yLCKs9yacFiWpTuGrU9Ggjw==][d8aNBrGBdrN75m+8JbuhvGrJRM57zE1nal2MlpYn4jkeb5e6eaC6w9FBoujlT65FoEiFhV13DKmWcdcxZ9Sg5g==]}
{"logTime": "1205/072316", "correlationVector":"wWq4CzcG2mwWqUtRu0RJYD.2","action":"EncryptionKeysManager::SetEncryptionKeysWithTimestamps:", "result":"Success", "context":Key timestamps[10]:[2023-11-18T19:44:30Z][2023-12-09T00:16:29Z][2024-02-21T00:21:13Z][2024-03-21T06:30:18Z][2024-07-09T02:29:39Z][2024-10-25T01:17:32Z][2024-11-15T17:43:12Z][2024-11-21T01:58:42Z][2025-06-29T21:14:15Z][2025-09-16T02:16:15Z]}
{"logTime": "1205/072316", "correlationVector":"LpeAjKjE+++ufQ4J62ODro","action":"Initial GetUpdates", "result":"", "context":Reason: NEW_CLIENT. cV=LpeAjKjE+++ufQ4J62ODro}
{"logTime": "1205/072316", "correlationVector":"LpeAjKjE+++ufQ4J62ODro.3","action":"GetUpdates Response", "result":"Success", "context":Received 1 update(s). cV=LpeAjKjE+++ufQ4J62ODro.0;server=akswtt10800000o;cloudType=Consumer;environment=Prod_centralus_prod-s01-068-nam-centralus;migrationStage=NotStarted}
{"logTime": "1205/072316", "correlationVector":"/VV3euQsYphUNh6m/GDULi","action":"Initial GetUpdates", "result":"", "context":Reason: NEWLY_SUPPORTED_DATATYPE. cV=/VV3euQsYphUNh6m/GDULi}
{"logTime": "1205/072317", "correlationVector":"/VV3euQsYphUNh6m/GDULi.1","action":"SyncServerConnectionManagerRequest", "result":"SYNC_SERVER_OK", "context":{"environment":"Prod_centralus_prod-s01-068-nam-centralus", "migrationStage":"NotStarted", "server":"akswtt10800000o"}}
{"logTime": "1205/072317", "correlationVector":"/VV3euQsYphUNh6m/GDULi.2","action":"ProcessGetUpdates", "result":"Done", "context":{"dataType":"Passwords", "deleted":"0", "process_failed_to_decrypt":"0", "process_pending_decryption":"0", "process_success":"29", "total":"29"}}
{"logTime": "1205/072317", "correlationVector":"/VV3euQsYphUNh6m/GDULi.3","action":"GetUpdates Response", "result":"Success", "context":Received 29 update(s). cV=/VV3euQsYphUNh6m/GDULi.0;server=akswtt10800000o;cloudType=Consumer;environment=Prod_centralus_prod-s01-068-nam-centralus;migrationStage=NotStarted}
{"logTime": "1205/072317", "correlationVector":"yyTcv5UC/AVis1IZJnMIWM","action":"Normal GetUpdate request", "result":"", "context":cV=yyTcv5UC/AVis1IZJnMIWM
Nudged types: Sessions, History
Refresh requested types: Bookmarks, Preferences, Passwords, Autofill Profiles, Autofill, Extensions, Sessions, Extension settings, History Delete Directives, Device Info, User Consents, Send Tab To Self, Web Apps, History, Saved Tab Group, WebAuthn Credentials, Collection, Edge E Drop, Edge Hub App Usage, Edge Wallet, Encryption Keys}
{"logTime": "1205/072317", "correlationVector":"yyTcv5UC/AVis1IZJnMIWM.1","action":"SyncServerConnectionManagerRequest", "result":"SYNC_SERVER_OK", "context":{"environment":"Prod_centralus_prod-s01-068-nam-centralus", "migrationStage":"NotStarted", "server":"akswtt10800001e"}}
{"logTime": "1205/072317", "correlationVector":"yyTcv5UC/AVis1IZJnMIWM.2","action":"ProcessGetUpdates", "result":"Done", "context":{"dataType":"Preferences", "deleted":"0", "process_failed_to_decrypt":"0", "process_pending_decryption":"0", "process_success":"4", "total":"4"}}
{"logTime": "1205/072317", "correlationVector":"yyTcv5UC/AVis1IZJnMIWM.3","action":"ProcessGetUpdates", "result":"Done", "context":{"dataType":"Sessions", "deleted":"2", "process_failed_to_decrypt":"0", "process_pending_decryption":"0", "process_success":"5", "total":"5"}}
{"logTime": "1205/072317", "correlationVector":"yyTcv5UC/AVis1IZJnMIWM.4","action":"ProcessGetUpdates", "result":"Done", "context":{"dataType":"History", "deleted":"0", "process_failed_to_decrypt":"0", "process_pending_decryption":"0", "process_success":"31", "total":"31"}}
{"logTime": "1205/072317", "correlationVector":"yyTcv5UC/AVis1IZJnMIWM.5","action":"GetUpdates Response", "result":"Success", "context":Received 40 update(s). cV=yyTcv5UC/AVis1IZJnMIWM.0;server=akswtt10800001e;cloudType=Consumer;environment=Prod_centralus_prod-s01-068-nam-centralus;migrationStage=NotStarted}
{"logTime": "1205/072317", "correlationVector":"995Ou9uBdyBmNE0Q9NzjcA","action":"Commit Request", "result":"", "context":Item count: 5
Contributing types: Sessions, History}
{"logTime": "1205/072317", "correlationVector":"995Ou9uBdyBmNE0Q9NzjcA.1","action":"SyncServerConnectionManagerRequest", "result":"SYNC_SERVER_OK", "context":{"environment":"Prod_centralus_prod-s01-068-nam-centralus", "migrationStage":"NotStarted", "server":"akswtt10800000o"}}
{"logTime": "1205/072317", "correlationVector":"995Ou9uBdyBmNE0Q9NzjcA.2","action":"Commit Response", "result":"Success", "context":Result: Success. cV=995Ou9uBdyBmNE0Q9NzjcA.0;server=akswtt10800000o;cloudType=Consumer;environment=Prod_centralus_prod-s01-068-nam-centralus;migrationStage=NotStarted}
{"logTime": "1205/072317", "correlationVector":"995Ou9uBdyBmNE0Q9NzjcA.3","action":"Commit.Sessions", "result":"Success", "context":{"id":"405c4754-de9c-47de-b1ce-37549e5223dd", "isDeleted":"true", "size":"0", "version":"1764917815224"}}
{"logTime": "1205/072322", "correlationVector":"ialbYVT40R8v+Dn7WeKsxJ","action":"Commit Request", "result":"", "context":Item count: 26
Contributing types: Preferences, Passwords, Sessions, History}
{"logTime": "1205/072324", "correlationVector":"ialbYVT40R8v+Dn7WeKsxJ.1","action":"SyncServerConnectionManagerRequest", "result":"SYNC_SERVER_OK", "context":{"environment":"Prod_centralus_prod-s01-068-nam-centralus", "migrationStage":"NotStarted", "server":"akswtt10800000o"}}
{"logTime": "1205/072324", "correlationVector":"ialbYVT40R8v+Dn7WeKsxJ.2","action":"Commit Response", "result":"Success", "context":Result: Success. cV=ialbYVT40R8v+Dn7WeKsxJ.0;server=akswtt10800000o;cloudType=Consumer;environment=Prod_centralus_prod-s01-068-nam-centralus;migrationStage=NotStarted}
