2025-12-05 04:35:16.440: [INFO][Sync] Reset engine, reason: 8
2025-12-05 04:35:16.440: [INFO][Sync] Stopped: Bookmarks
2025-12-05 04:35:16.440: [INFO][Sync] Stopped: Preferences
2025-12-05 04:35:16.440: [INFO][Sync] Stopped: Passwords
2025-12-05 04:35:16.440: [INFO][Sync] Stopped: Autofill Profiles
2025-12-05 04:35:16.440: [INFO][Sync] Stopped: Autofill
2025-12-05 04:35:16.440: [INFO][Sync] Stopped: Extensions
2025-12-05 04:35:16.440: [INFO][Sync] Stopped: Sessions
2025-12-05 04:35:16.440: [INFO][Sync] Stopped: Extension settings
2025-12-05 04:35:16.440: [INFO][Sync] Stopped: History Delete Directives
2025-12-05 04:35:16.440: [INFO][Sync] Stopped: Device Info
2025-12-05 04:35:16.440: [INFO][Sync] Stopped: User Consents
2025-12-05 04:35:16.440: [INFO][Sync] Stopped: Send Tab To Self
2025-12-05 04:35:16.440: [INFO][Sync] Stopped: Web Apps
2025-12-05 04:35:16.440: [INFO][Sync] Stopped: History
2025-12-05 04:35:16.440: [INFO][Sync] Stopped: Saved Tab Group
2025-12-05 04:35:16.440: [INFO][Sync] Stopped: WebAuthn Credentials
2025-12-05 04:35:16.440: [INFO][Sync] Stopped: Collection
2025-12-05 04:35:16.440: [INFO][Sync] Stopped: Edge E Drop
2025-12-05 04:35:16.440: [INFO][Sync] Stopped: Edge Hub App Usage
2025-12-05 04:35:16.440: [INFO][Sync] Stopped: Edge Wallet
2025-12-05 04:35:16.440: [INFO][Sync] SyncState after authenticated was: NotSignedIn
2025-12-05 04:35:18.827: [INFO][Sync] Reset engine, reason: 8
2025-12-05 04:35:18.827: [INFO][Sync] Stopped: Bookmarks
2025-12-05 04:35:18.827: [INFO][Sync] Stopped: Preferences
2025-12-05 04:35:18.827: [INFO][Sync] Stopped: Passwords
2025-12-05 04:35:18.827: [INFO][Sync] Stopped: Autofill Profiles
2025-12-05 04:35:18.827: [INFO][Sync] Stopped: Autofill
2025-12-05 04:35:18.827: [INFO][Sync] Stopped: Extensions
2025-12-05 04:35:18.827: [INFO][Sync] Stopped: Sessions
2025-12-05 04:35:18.827: [INFO][Sync] Stopped: Extension settings
2025-12-05 04:35:18.827: [INFO][Sync] Stopped: History Delete Directives
2025-12-05 04:35:18.827: [INFO][Sync] Stopped: Device Info
2025-12-05 04:35:18.827: [INFO][Sync] Stopped: User Consents
2025-12-05 04:35:18.827: [INFO][Sync] Stopped: Send Tab To Self
2025-12-05 04:35:18.827: [INFO][Sync] Stopped: Web Apps
2025-12-05 04:35:18.827: [INFO][Sync] Stopped: History
2025-12-05 04:35:18.827: [INFO][Sync] Stopped: Saved Tab Group
2025-12-05 04:35:18.827: [INFO][Sync] Stopped: WebAuthn Credentials
2025-12-05 04:35:18.827: [INFO][Sync] Stopped: Collection
2025-12-05 04:35:18.827: [INFO][Sync] Stopped: Edge E Drop
2025-12-05 04:35:18.827: [INFO][Sync] Stopped: Edge Hub App Usage
2025-12-05 04:35:18.827: [INFO][Sync] Stopped: Edge Wallet
2025-12-05 04:35:19.867: [INFO][Sync] Try to start sync engine
2025-12-05 04:35:19.868: [INFO][SyncManagerImpl::NudgeForInitialDownload] Initial download nudge for Encryption Keys
2025-12-05 04:35:19.868: [INFO][SyncEngineBackend::LoadAndConnectNigoriController] Load and connect Nigori controller
2025-12-05 04:35:19.868: [INFO][SyncEngineBackend::DoInitialize] Control Types added: Encryption Keys
2025-12-05 04:35:19.868: [INFO][SyncManagerImpl::ConfigureSyncer] Types to download: Encryption Keys with reason: 3
2025-12-05 04:35:19.868: [INFO][SyncSchedulerImpl::DoConfigurationSyncCycleJob] Configure job was blocked
2025-12-05 04:35:20.014: [INFO][SyncAuthManager::SetLastAuthError] Current auth error: None
2025-12-05 04:35:20.014: [INFO][SyncAuthManager::EdgeLogTokenErrorState] Token error with: None for account type: MSA
2025-12-05 04:35:20.014: [INFO][Sync] Credentials changed for: EdgeSyncScopeNew
2025-12-05 04:35:27.641: [INFO][SyncAuthManager::SetLastAuthError] Current auth error: None
2025-12-05 04:35:27.641: [INFO][SyncAuthManager::EdgeLogTokenErrorState] Token error with: None for account type: MSA
2025-12-05 04:35:27.641: [INFO][Sync] Credentials changed for: EdgeSyncKeyDataScope
2025-12-05 04:35:27.641: [INFO][SyncEngineBackend::DoUpdateKeyDataCredentials] Update key data credentials
2025-12-05 04:35:27.641: [INFO][SyncEngineBackend::DoUpdateCredentials] Update credentials
2025-12-05 04:35:27.641: [INFO][SyncSchedulerImpl::DoConfigurationSyncCycleJob] Blocked types:  and types to download: Encryption Keys
2025-12-05 04:35:28.097: [INFO][Sync] Started DataTypeManager configuration, reason: 4
2025-12-05 04:35:28.098: [INFO][Sync] Configuring for: Bookmarks, Preferences, Passwords, Autofill Profiles, Autofill, Extensions, Sessions, Extension settings, History Delete Directives, Device Info, User Consents, Send Tab To Self, Web Apps, History, Saved Tab Group, WebAuthn Credentials, Collection, Edge E Drop, Edge Hub App Usage, Edge Wallet, Encryption Keys, reason: 3, current state: 0
2025-12-05 04:35:28.098: [WARN][Sync] Crypto error data types: Passwords, Autofill Profiles, Autofill
2025-12-05 04:35:28.100: [INFO][Sync] Configure, desired: Bookmarks, Preferences, Extensions, Sessions, Extension settings, History Delete Directives, Device Info, User Consents, Send Tab To Self, Web Apps, History, Saved Tab Group, WebAuthn Credentials, Collection, Edge E Drop, Edge Hub App Usage, Edge Wallet, Encryption Keys; Allow fail: Passwords, Autofill Profiles, Autofill
2025-12-05 04:35:28.100: [INFO][Sync] Loading: Bookmarks
2025-12-05 04:35:28.100: [INFO][Sync] Loading: Preferences
2025-12-05 04:35:28.100: [INFO][Sync] Loading: Extensions
2025-12-05 04:35:28.100: [INFO][Sync] Loading: Sessions
2025-12-05 04:35:28.101: [INFO][Sync] Loading: Extension settings
2025-12-05 04:35:28.101: [INFO][Sync] Loading: History Delete Directives
2025-12-05 04:35:28.101: [INFO][Sync] Loading: Device Info
2025-12-05 04:35:28.101: [INFO][Sync] Loading: User Consents
2025-12-05 04:35:28.101: [INFO][Sync] Loading: Send Tab To Self
2025-12-05 04:35:28.101: [INFO][Sync] Loading: Web Apps
2025-12-05 04:35:28.101: [INFO][Sync] Loading: History
2025-12-05 04:35:28.101: [INFO][Sync] Loading: Saved Tab Group
2025-12-05 04:35:28.101: [INFO][Sync] Loading: WebAuthn Credentials
2025-12-05 04:35:28.101: [INFO][Sync] Loading: Collection
2025-12-05 04:35:28.101: [INFO][Sync] Loading: Edge E Drop
2025-12-05 04:35:28.101: [INFO][Sync] Loading: Edge Hub App Usage
2025-12-05 04:35:28.101: [INFO][Sync] Loading: Edge Wallet
2025-12-05 04:35:28.108: [INFO][Sync] All data types are ready for configure.
2025-12-05 04:35:28.648: [INFO][Sync] Started DataTypeManager configuration, reason: 5
2025-12-05 04:35:28.649: [INFO][Sync] Configuring for: Bookmarks, Preferences, Passwords, Autofill Profiles, Autofill, Extensions, Sessions, Extension settings, History Delete Directives, Device Info, User Consents, Send Tab To Self, Web Apps, History, Saved Tab Group, WebAuthn Credentials, Collection, Edge E Drop, Edge Hub App Usage, Edge Wallet, Encryption Keys, reason: 5, current state: 1
2025-12-05 04:35:28.794: [INFO][SyncEngineBackend::DoStartConfiguration] Start configuration
2025-12-05 04:35:28.794: [INFO][SyncManagerImpl::NudgeForInitialDownload] Initial download nudge for Bookmarks
2025-12-05 04:35:28.794: [INFO][SyncManagerImpl::NudgeForInitialDownload] Initial download nudge for Preferences
2025-12-05 04:35:28.794: [INFO][SyncManagerImpl::NudgeForInitialDownload] Initial download nudge for Extensions
2025-12-05 04:35:28.794: [INFO][SyncManagerImpl::NudgeForInitialDownload] Initial download nudge for Sessions
2025-12-05 04:35:28.794: [INFO][SyncManagerImpl::NudgeForInitialDownload] Initial download nudge for Extension settings
2025-12-05 04:35:28.794: [INFO][SyncManagerImpl::NudgeForInitialDownload] Initial download nudge for History Delete Directives
2025-12-05 04:35:28.794: [INFO][SyncManagerImpl::NudgeForInitialDownload] Initial download nudge for Device Info
2025-12-05 04:35:28.794: [INFO][SyncManagerImpl::NudgeForInitialDownload] Initial download nudge for Send Tab To Self
2025-12-05 04:35:28.794: [INFO][SyncManagerImpl::NudgeForInitialDownload] Initial download nudge for Web Apps
2025-12-05 04:35:28.794: [INFO][SyncManagerImpl::NudgeForInitialDownload] Initial download nudge for History
2025-12-05 04:35:28.794: [INFO][SyncManagerImpl::NudgeForInitialDownload] Initial download nudge for Saved Tab Group
2025-12-05 04:35:28.794: [INFO][SyncManagerImpl::NudgeForInitialDownload] Initial download nudge for WebAuthn Credentials
2025-12-05 04:35:28.794: [INFO][SyncManagerImpl::NudgeForInitialDownload] Initial download nudge for Collection
2025-12-05 04:35:28.794: [INFO][SyncManagerImpl::NudgeForInitialDownload] Initial download nudge for Edge E Drop
2025-12-05 04:35:28.794: [INFO][SyncManagerImpl::NudgeForInitialDownload] Initial download nudge for Edge Hub App Usage
2025-12-05 04:35:28.794: [INFO][SyncManagerImpl::NudgeForInitialDownload] Initial download nudge for Edge Wallet
2025-12-05 04:35:28.794: [INFO][SyncManagerImpl::ConfigureSyncer] Types to download:  with reason: 3
2025-12-05 04:35:28.794: [INFO][SyncEngineBackend::DoFinishConfigureDataTypes] Failed to download types:  and succeeded types: 
2025-12-05 04:35:28.794: [INFO][Sync] ConfigurationDone, failed: , succeeded: , remaining count: 4
2025-12-05 04:35:28.794: [WARN][Sync]     Reconfigure requested while configuration ongoing.
2025-12-05 04:35:28.794: [INFO][Sync] Configuring for: Bookmarks, Preferences, Passwords, Autofill Profiles, Autofill, Extensions, Sessions, Extension settings, History Delete Directives, Device Info, User Consents, Send Tab To Self, Web Apps, History, Saved Tab Group, WebAuthn Credentials, Collection, Edge E Drop, Edge Hub App Usage, Edge Wallet, Encryption Keys, reason: 5, current state: 2
2025-12-05 04:35:28.794: [INFO][Sync] Configure, desired: Bookmarks, Preferences, Passwords, Autofill Profiles, Autofill, Extensions, Sessions, Extension settings, History Delete Directives, Device Info, User Consents, Send Tab To Self, Web Apps, History, Saved Tab Group, WebAuthn Credentials, Collection, Edge E Drop, Edge Hub App Usage, Edge Wallet, Encryption Keys; Allow fail: 
2025-12-05 04:35:28.794: [INFO][Sync] Loading: Passwords
2025-12-05 04:35:28.794: [INFO][Sync] Loading: Autofill Profiles
2025-12-05 04:35:28.794: [INFO][Sync] Loading: Autofill
2025-12-05 04:35:28.794: [INFO][Sync] All data types are ready for configure.
2025-12-05 04:35:28.794: [INFO][SyncManagerImpl::NudgeForInitialDownload] Initial download nudge for Passwords
2025-12-05 04:35:28.794: [INFO][SyncManagerImpl::NudgeForInitialDownload] Initial download nudge for Autofill Profiles
2025-12-05 04:35:28.794: [INFO][SyncManagerImpl::NudgeForInitialDownload] Initial download nudge for Autofill
2025-12-05 04:35:28.794: [INFO][SyncManagerImpl::ConfigureSyncer] Types to download:  with reason: 5
2025-12-05 04:35:28.794: [INFO][SyncEngineBackend::DoFinishConfigureDataTypes] Failed to download types:  and succeeded types: 
2025-12-05 04:35:28.794: [INFO][Sync] ConfigurationDone, failed: , succeeded: , remaining count: 4
2025-12-05 04:35:28.794: [INFO][Sync] Prepare to configure types: Preferences, Passwords, Device Info, Send Tab To Self, Edge E Drop, Encryption Keys
2025-12-05 04:35:28.794: [INFO][SyncManagerImpl::ConfigureSyncer] Types to download: Preferences, Passwords, Device Info, Send Tab To Self, Edge E Drop, Encryption Keys with reason: 5
2025-12-05 04:35:28.794: [INFO][SyncSchedulerImpl::DoConfigurationSyncCycleJob] Blocked types:  and types to download: Preferences, Passwords, Device Info, Send Tab To Self, Edge E Drop, Encryption Keys
2025-12-05 04:35:29.274: [INFO][SyncEngineBackend::DoFinishConfigureDataTypes] Failed to download types:  and succeeded types: Preferences, Passwords, Device Info, Send Tab To Self, Edge E Drop, Encryption Keys
2025-12-05 04:35:29.443: [INFO][Sync] ConfigurationDone, failed: , succeeded: Preferences, Passwords, Device Info, Send Tab To Self, Edge E Drop, Encryption Keys, remaining count: 3
2025-12-05 04:35:29.443: [INFO][Sync] Prepare to configure types: Bookmarks, Encryption Keys
2025-12-05 04:35:29.443: [INFO][SyncManagerImpl::ConfigureSyncer] Types to download: Bookmarks, Encryption Keys with reason: 5
2025-12-05 04:35:29.443: [INFO][SyncSchedulerImpl::DoConfigurationSyncCycleJob] Blocked types:  and types to download: Bookmarks, Encryption Keys
2025-12-05 04:35:29.616: [INFO][SyncEngineBackend::DoFinishConfigureDataTypes] Failed to download types:  and succeeded types: Bookmarks, Encryption Keys
2025-12-05 04:35:29.705: [INFO][Sync] ConfigurationDone, failed: , succeeded: Bookmarks, Encryption Keys, remaining count: 2
2025-12-05 04:35:29.705: [INFO][Sync] Prepare to configure types: Autofill Profiles, Autofill, Extensions, Sessions, Extension settings, History Delete Directives, Web Apps, Saved Tab Group, WebAuthn Credentials, Collection, Edge Hub App Usage, Edge Wallet, Encryption Keys
2025-12-05 04:35:29.705: [INFO][SyncManagerImpl::ConfigureSyncer] Types to download: Autofill Profiles, Autofill, Extensions, Sessions, Extension settings, History Delete Directives, Web Apps, Saved Tab Group, WebAuthn Credentials, Collection, Edge Hub App Usage, Edge Wallet, Encryption Keys with reason: 5
2025-12-05 04:35:29.705: [INFO][SyncSchedulerImpl::DoConfigurationSyncCycleJob] Blocked types:  and types to download: Autofill Profiles, Autofill, Extensions, Sessions, Extension settings, History Delete Directives, Web Apps, Saved Tab Group, WebAuthn Credentials, Collection, Edge Hub App Usage, Edge Wallet, Encryption Keys
2025-12-05 04:35:30.092: [INFO][SyncEngineBackend::DoFinishConfigureDataTypes] Failed to download types:  and succeeded types: Autofill Profiles, Autofill, Extensions, Sessions, Extension settings, History Delete Directives, Web Apps, Saved Tab Group, WebAuthn Credentials, Collection, Edge Hub App Usage, Edge Wallet, Encryption Keys
2025-12-05 04:35:30.138: [INFO][Sync] ConfigurationDone, failed: , succeeded: Autofill Profiles, Autofill, Extensions, Sessions, Extension settings, History Delete Directives, Web Apps, Saved Tab Group, WebAuthn Credentials, Collection, Edge Hub App Usage, Edge Wallet, Encryption Keys, remaining count: 1
2025-12-05 04:35:30.139: [INFO][Sync] Prepare to configure types: History, Encryption Keys
2025-12-05 04:35:30.139: [INFO][SyncManagerImpl::ConfigureSyncer] Types to download: History, Encryption Keys with reason: 5
2025-12-05 04:35:30.139: [INFO][SyncSchedulerImpl::DoConfigurationSyncCycleJob] Blocked types:  and types to download: History, Encryption Keys
2025-12-05 04:35:30.296: [INFO][SyncEngineBackend::DoFinishConfigureDataTypes] Failed to download types:  and succeeded types: History, Encryption Keys
2025-12-05 04:35:30.296: [INFO][Sync] ConfigurationDone, failed: , succeeded: History, Encryption Keys, remaining count: 0
2025-12-05 04:35:30.297: [INFO][Sync]     Configuration completed, state: 7
2025-12-05 04:35:30.297: [INFO][Sync] Configured DataTypeManager: Ok
2025-12-05 04:35:30.348: [INFO][SyncEngineBackend::DoStartSyncing] Start syncing
2025-12-05 06:42:54.167: [INFO][Sync] SyncState after authenticated was: FeatureCanStart
2025-12-05 06:42:54.853: [INFO][Sync] Try to start sync engine
2025-12-05 06:42:54.854: [INFO][SyncManagerImpl::NudgeForInitialDownload] Initial download nudge for Encryption Keys
2025-12-05 06:42:54.854: [INFO][SyncEngineBackend::LoadAndConnectNigoriController] Load and connect Nigori controller
2025-12-05 06:42:54.854: [INFO][SyncEngineBackend::DoInitialize] Control Types added: Encryption Keys
2025-12-05 06:42:54.854: [INFO][SyncManagerImpl::ConfigureSyncer] Types to download: Encryption Keys with reason: 3
2025-12-05 06:42:54.854: [INFO][SyncSchedulerImpl::DoConfigurationSyncCycleJob] Configure job was blocked
2025-12-05 06:42:55.264: [INFO][SyncAuthManager::SetLastAuthError] Current auth error: None
2025-12-05 06:42:55.264: [INFO][SyncAuthManager::EdgeLogTokenErrorState] Token error with: None for account type: MSA
2025-12-05 06:42:55.265: [INFO][Sync] Credentials changed for: EdgeSyncScopeNew
2025-12-05 06:43:00.270: [INFO][SyncAuthManager::SetLastAuthError] Current auth error: None
2025-12-05 06:43:00.270: [INFO][SyncAuthManager::EdgeLogTokenErrorState] Token error with: None for account type: MSA
2025-12-05 06:43:00.270: [INFO][Sync] Credentials changed for: EdgeSyncKeyDataScope
2025-12-05 06:43:00.270: [INFO][SyncEngineBackend::DoUpdateKeyDataCredentials] Update key data credentials
2025-12-05 06:43:00.270: [INFO][SyncEngineBackend::DoUpdateCredentials] Update credentials
2025-12-05 06:43:00.270: [INFO][SyncSchedulerImpl::DoConfigurationSyncCycleJob] Blocked types:  and types to download: Encryption Keys
2025-12-05 06:43:00.842: [INFO][Sync] Started DataTypeManager configuration, reason: 4
2025-12-05 06:43:00.842: [INFO][Sync] Configuring for: Bookmarks, Preferences, Passwords, Autofill Profiles, Autofill, Extensions, Sessions, Extension settings, History Delete Directives, Device Info, User Consents, Send Tab To Self, Web Apps, History, Saved Tab Group, WebAuthn Credentials, Collection, Edge E Drop, Edge Hub App Usage, Edge Wallet, Encryption Keys, reason: 4, current state: 0
2025-12-05 06:43:00.842: [WARN][Sync] Crypto error data types: Passwords, Autofill Profiles, Autofill
2025-12-05 06:43:00.844: [INFO][Sync] Configure, desired: Bookmarks, Preferences, Extensions, Sessions, Extension settings, History Delete Directives, Device Info, User Consents, Send Tab To Self, Web Apps, History, Saved Tab Group, WebAuthn Credentials, Collection, Edge E Drop, Edge Hub App Usage, Edge Wallet, Encryption Keys; Allow fail: Passwords, Autofill Profiles, Autofill
2025-12-05 06:43:00.845: [INFO][Sync] Loading: Bookmarks
2025-12-05 06:43:00.845: [INFO][Sync] Loading: Preferences
2025-12-05 06:43:00.845: [INFO][Sync] Loading: Extensions
2025-12-05 06:43:00.845: [INFO][Sync] Loading: Sessions
2025-12-05 06:43:00.845: [INFO][Sync] Loading: Extension settings
2025-12-05 06:43:00.845: [INFO][Sync] Loading: History Delete Directives
2025-12-05 06:43:00.845: [INFO][Sync] Loading: Device Info
2025-12-05 06:43:00.845: [INFO][Sync] Loading: User Consents
2025-12-05 06:43:00.845: [INFO][Sync] Loading: Send Tab To Self
2025-12-05 06:43:00.845: [INFO][Sync] Loading: Web Apps
2025-12-05 06:43:00.845: [INFO][Sync] Loading: History
2025-12-05 06:43:00.845: [INFO][Sync] Loading: Saved Tab Group
2025-12-05 06:43:00.845: [INFO][Sync] Loading: WebAuthn Credentials
2025-12-05 06:43:00.845: [INFO][Sync] Loading: Collection
2025-12-05 06:43:00.845: [INFO][Sync] Loading: Edge E Drop
2025-12-05 06:43:00.845: [INFO][Sync] Loading: Edge Hub App Usage
2025-12-05 06:43:00.845: [INFO][Sync] Loading: Edge Wallet
2025-12-05 06:43:00.853: [INFO][Sync] All data types are ready for configure.
2025-12-05 06:43:01.289: [INFO][Sync] Started DataTypeManager configuration, reason: 5
2025-12-05 06:43:01.289: [INFO][Sync] Configuring for: Bookmarks, Preferences, Passwords, Autofill Profiles, Autofill, Extensions, Sessions, Extension settings, History Delete Directives, Device Info, User Consents, Send Tab To Self, Web Apps, History, Saved Tab Group, WebAuthn Credentials, Collection, Edge E Drop, Edge Hub App Usage, Edge Wallet, Encryption Keys, reason: 5, current state: 1
2025-12-05 06:43:01.294: [INFO][SyncEngineBackend::DoStartConfiguration] Start configuration
2025-12-05 06:43:01.295: [INFO][SyncManagerImpl::ConfigureSyncer] Types to download:  with reason: 4
2025-12-05 06:43:01.295: [INFO][SyncEngineBackend::DoFinishConfigureDataTypes] Failed to download types:  and succeeded types: 
2025-12-05 06:43:01.296: [INFO][Sync] ConfigurationDone, failed: , succeeded: , remaining count: 4
2025-12-05 06:43:01.296: [WARN][Sync]     Reconfigure requested while configuration ongoing.
2025-12-05 06:43:01.296: [INFO][Sync] Configuring for: Bookmarks, Preferences, Passwords, Autofill Profiles, Autofill, Extensions, Sessions, Extension settings, History Delete Directives, Device Info, User Consents, Send Tab To Self, Web Apps, History, Saved Tab Group, WebAuthn Credentials, Collection, Edge E Drop, Edge Hub App Usage, Edge Wallet, Encryption Keys, reason: 5, current state: 2
2025-12-05 06:43:01.296: [INFO][Sync] Configure, desired: Bookmarks, Preferences, Passwords, Autofill Profiles, Autofill, Extensions, Sessions, Extension settings, History Delete Directives, Device Info, User Consents, Send Tab To Self, Web Apps, History, Saved Tab Group, WebAuthn Credentials, Collection, Edge E Drop, Edge Hub App Usage, Edge Wallet, Encryption Keys; Allow fail: 
2025-12-05 06:43:01.296: [INFO][Sync] Loading: Passwords
2025-12-05 06:43:01.296: [INFO][Sync] Loading: Autofill Profiles
2025-12-05 06:43:01.296: [INFO][Sync] Loading: Autofill
2025-12-05 06:43:01.297: [INFO][Sync] All data types are ready for configure.
2025-12-05 06:43:01.297: [INFO][SyncManagerImpl::NudgeForInitialDownload] Initial download nudge for Passwords
2025-12-05 06:43:01.297: [INFO][SyncManagerImpl::ConfigureSyncer] Types to download:  with reason: 5
2025-12-05 06:43:01.297: [INFO][SyncEngineBackend::DoFinishConfigureDataTypes] Failed to download types:  and succeeded types: 
2025-12-05 06:43:01.297: [INFO][Sync] ConfigurationDone, failed: , succeeded: , remaining count: 4
2025-12-05 06:43:01.297: [INFO][Sync] Prepare to configure types: Passwords, Encryption Keys
2025-12-05 06:43:01.297: [INFO][SyncManagerImpl::ConfigureSyncer] Types to download: Passwords, Encryption Keys with reason: 5
2025-12-05 06:43:01.297: [INFO][SyncSchedulerImpl::DoConfigurationSyncCycleJob] Blocked types:  and types to download: Passwords, Encryption Keys
2025-12-05 06:43:01.502: [INFO][SyncEngineBackend::DoFinishConfigureDataTypes] Failed to download types:  and succeeded types: Passwords, Encryption Keys
2025-12-05 06:43:01.504: [INFO][Sync] ConfigurationDone, failed: , succeeded: Passwords, Encryption Keys, remaining count: 3
2025-12-05 06:43:01.504: [INFO][SyncManagerImpl::ConfigureSyncer] Types to download:  with reason: 5
2025-12-05 06:43:01.504: [INFO][SyncEngineBackend::DoFinishConfigureDataTypes] Failed to download types:  and succeeded types: 
2025-12-05 06:43:01.504: [INFO][Sync] ConfigurationDone, failed: , succeeded: , remaining count: 2
2025-12-05 06:43:01.504: [INFO][SyncManagerImpl::ConfigureSyncer] Types to download:  with reason: 5
2025-12-05 06:43:01.504: [INFO][SyncEngineBackend::DoFinishConfigureDataTypes] Failed to download types:  and succeeded types: 
2025-12-05 06:43:01.508: [INFO][Sync] ConfigurationDone, failed: , succeeded: , remaining count: 1
2025-12-05 06:43:01.509: [INFO][SyncManagerImpl::ConfigureSyncer] Types to download:  with reason: 5
2025-12-05 06:43:01.509: [INFO][SyncEngineBackend::DoFinishConfigureDataTypes] Failed to download types:  and succeeded types: 
2025-12-05 06:43:01.509: [INFO][Sync] ConfigurationDone, failed: , succeeded: , remaining count: 0
2025-12-05 06:43:01.510: [INFO][Sync]     Configuration completed, state: 7
2025-12-05 06:43:01.511: [INFO][Sync] Configured DataTypeManager: Ok
2025-12-05 06:43:01.514: [INFO][SyncEngineBackend::DoStartSyncing] Start syncing
2025-12-05 07:23:03.045: [INFO][Sync] SyncState after authenticated was: FeatureCanStart
2025-12-05 07:23:05.532: [INFO][Sync] Try to start sync engine
2025-12-05 07:23:05.533: [INFO][SyncManagerImpl::NudgeForInitialDownload] Initial download nudge for Encryption Keys
2025-12-05 07:23:05.533: [INFO][SyncEngineBackend::LoadAndConnectNigoriController] Load and connect Nigori controller
2025-12-05 07:23:05.533: [INFO][SyncEngineBackend::DoInitialize] Control Types added: Encryption Keys
2025-12-05 07:23:05.533: [INFO][SyncManagerImpl::ConfigureSyncer] Types to download: Encryption Keys with reason: 3
2025-12-05 07:23:05.534: [INFO][SyncSchedulerImpl::DoConfigurationSyncCycleJob] Configure job was blocked
2025-12-05 07:23:05.904: [INFO][SyncAuthManager::SetLastAuthError] Current auth error: None
2025-12-05 07:23:05.904: [INFO][SyncAuthManager::EdgeLogTokenErrorState] Token error with: None for account type: MSA
2025-12-05 07:23:05.905: [INFO][Sync] Credentials changed for: EdgeSyncScopeNew
2025-12-05 07:23:16.265: [INFO][SyncAuthManager::SetLastAuthError] Current auth error: None
2025-12-05 07:23:16.265: [INFO][SyncAuthManager::EdgeLogTokenErrorState] Token error with: None for account type: MSA
2025-12-05 07:23:16.265: [INFO][Sync] Credentials changed for: EdgeSyncKeyDataScope
2025-12-05 07:23:16.265: [INFO][SyncEngineBackend::DoUpdateKeyDataCredentials] Update key data credentials
2025-12-05 07:23:16.265: [INFO][SyncEngineBackend::DoUpdateCredentials] Update credentials
2025-12-05 07:23:16.265: [INFO][SyncSchedulerImpl::DoConfigurationSyncCycleJob] Blocked types:  and types to download: Encryption Keys
2025-12-05 07:23:16.586: [INFO][Sync] Started DataTypeManager configuration, reason: 4
2025-12-05 07:23:16.586: [INFO][Sync] Configuring for: Bookmarks, Preferences, Passwords, Autofill Profiles, Autofill, Extensions, Sessions, Extension settings, History Delete Directives, Device Info, User Consents, Send Tab To Self, Web Apps, History, Saved Tab Group, WebAuthn Credentials, Collection, Edge E Drop, Edge Hub App Usage, Edge Wallet, Encryption Keys, reason: 4, current state: 0
2025-12-05 07:23:16.586: [WARN][Sync] Crypto error data types: Passwords, Autofill Profiles, Autofill
2025-12-05 07:23:16.587: [INFO][Sync] Configure, desired: Bookmarks, Preferences, Extensions, Sessions, Extension settings, History Delete Directives, Device Info, User Consents, Send Tab To Self, Web Apps, History, Saved Tab Group, WebAuthn Credentials, Collection, Edge E Drop, Edge Hub App Usage, Edge Wallet, Encryption Keys; Allow fail: Passwords, Autofill Profiles, Autofill
2025-12-05 07:23:16.587: [INFO][Sync] Loading: Bookmarks
2025-12-05 07:23:16.587: [INFO][Sync] Loading: Preferences
2025-12-05 07:23:16.587: [INFO][Sync] Loading: Extensions
2025-12-05 07:23:16.587: [INFO][Sync] Loading: Sessions
2025-12-05 07:23:16.587: [INFO][Sync] Loading: Extension settings
2025-12-05 07:23:16.587: [INFO][Sync] Loading: History Delete Directives
2025-12-05 07:23:16.587: [INFO][Sync] Loading: Device Info
2025-12-05 07:23:16.587: [INFO][Sync] Loading: User Consents
2025-12-05 07:23:16.587: [INFO][Sync] Loading: Send Tab To Self
2025-12-05 07:23:16.587: [INFO][Sync] Loading: Web Apps
2025-12-05 07:23:16.587: [INFO][Sync] Loading: History
2025-12-05 07:23:16.587: [INFO][Sync] Loading: Saved Tab Group
2025-12-05 07:23:16.587: [INFO][Sync] Loading: WebAuthn Credentials
2025-12-05 07:23:16.587: [INFO][Sync] Loading: Collection
2025-12-05 07:23:16.587: [INFO][Sync] Loading: Edge E Drop
2025-12-05 07:23:16.587: [INFO][Sync] Loading: Edge Hub App Usage
2025-12-05 07:23:16.587: [INFO][Sync] Loading: Edge Wallet
2025-12-05 07:23:16.590: [INFO][Sync] All data types are ready for configure.
2025-12-05 07:23:16.993: [INFO][Sync] Started DataTypeManager configuration, reason: 5
2025-12-05 07:23:16.994: [INFO][Sync] Configuring for: Bookmarks, Preferences, Passwords, Autofill Profiles, Autofill, Extensions, Sessions, Extension settings, History Delete Directives, Device Info, User Consents, Send Tab To Self, Web Apps, History, Saved Tab Group, WebAuthn Credentials, Collection, Edge E Drop, Edge Hub App Usage, Edge Wallet, Encryption Keys, reason: 5, current state: 1
2025-12-05 07:23:16.998: [INFO][SyncEngineBackend::DoStartConfiguration] Start configuration
2025-12-05 07:23:16.998: [INFO][SyncManagerImpl::ConfigureSyncer] Types to download:  with reason: 4
2025-12-05 07:23:16.998: [INFO][SyncEngineBackend::DoFinishConfigureDataTypes] Failed to download types:  and succeeded types: 
2025-12-05 07:23:16.998: [INFO][Sync] ConfigurationDone, failed: , succeeded: , remaining count: 4
2025-12-05 07:23:16.998: [WARN][Sync]     Reconfigure requested while configuration ongoing.
2025-12-05 07:23:16.998: [INFO][Sync] Configuring for: Bookmarks, Preferences, Passwords, Autofill Profiles, Autofill, Extensions, Sessions, Extension settings, History Delete Directives, Device Info, User Consents, Send Tab To Self, Web Apps, History, Saved Tab Group, WebAuthn Credentials, Collection, Edge E Drop, Edge Hub App Usage, Edge Wallet, Encryption Keys, reason: 5, current state: 2
2025-12-05 07:23:16.998: [INFO][Sync] Configure, desired: Bookmarks, Preferences, Passwords, Autofill Profiles, Autofill, Extensions, Sessions, Extension settings, History Delete Directives, Device Info, User Consents, Send Tab To Self, Web Apps, History, Saved Tab Group, WebAuthn Credentials, Collection, Edge E Drop, Edge Hub App Usage, Edge Wallet, Encryption Keys; Allow fail: 
2025-12-05 07:23:16.998: [INFO][Sync] Loading: Passwords
2025-12-05 07:23:16.998: [INFO][Sync] Loading: Autofill Profiles
2025-12-05 07:23:16.998: [INFO][Sync] Loading: Autofill
2025-12-05 07:23:16.999: [INFO][Sync] All data types are ready for configure.
2025-12-05 07:23:16.999: [INFO][SyncManagerImpl::NudgeForInitialDownload] Initial download nudge for Passwords
2025-12-05 07:23:16.999: [INFO][SyncManagerImpl::ConfigureSyncer] Types to download:  with reason: 5
2025-12-05 07:23:16.999: [INFO][SyncEngineBackend::DoFinishConfigureDataTypes] Failed to download types:  and succeeded types: 
2025-12-05 07:23:16.999: [INFO][Sync] ConfigurationDone, failed: , succeeded: , remaining count: 4
2025-12-05 07:23:16.999: [INFO][Sync] Prepare to configure types: Passwords, Encryption Keys
2025-12-05 07:23:16.999: [INFO][SyncManagerImpl::ConfigureSyncer] Types to download: Passwords, Encryption Keys with reason: 5
2025-12-05 07:23:16.999: [INFO][SyncSchedulerImpl::DoConfigurationSyncCycleJob] Blocked types:  and types to download: Passwords, Encryption Keys
2025-12-05 07:23:17.148: [INFO][SyncEngineBackend::DoFinishConfigureDataTypes] Failed to download types:  and succeeded types: Passwords, Encryption Keys
2025-12-05 07:23:17.149: [INFO][Sync] ConfigurationDone, failed: , succeeded: Passwords, Encryption Keys, remaining count: 3
2025-12-05 07:23:17.149: [INFO][SyncManagerImpl::ConfigureSyncer] Types to download:  with reason: 5
2025-12-05 07:23:17.149: [INFO][SyncEngineBackend::DoFinishConfigureDataTypes] Failed to download types:  and succeeded types: 
2025-12-05 07:23:17.149: [INFO][Sync] ConfigurationDone, failed: , succeeded: , remaining count: 2
2025-12-05 07:23:17.150: [INFO][SyncManagerImpl::ConfigureSyncer] Types to download:  with reason: 5
2025-12-05 07:23:17.150: [INFO][SyncEngineBackend::DoFinishConfigureDataTypes] Failed to download types:  and succeeded types: 
2025-12-05 07:23:17.153: [INFO][Sync] ConfigurationDone, failed: , succeeded: , remaining count: 1
2025-12-05 07:23:17.154: [INFO][SyncManagerImpl::ConfigureSyncer] Types to download:  with reason: 5
2025-12-05 07:23:17.154: [INFO][SyncEngineBackend::DoFinishConfigureDataTypes] Failed to download types:  and succeeded types: 
2025-12-05 07:23:17.154: [INFO][Sync] ConfigurationDone, failed: , succeeded: , remaining count: 0
2025-12-05 07:23:17.154: [INFO][Sync]     Configuration completed, state: 7
2025-12-05 07:23:17.155: [INFO][Sync] Configured DataTypeManager: Ok
2025-12-05 07:23:17.156: [INFO][SyncEngineBackend::DoStartSyncing] Start syncing
